TN:
SF:c:\Users\46885473820\Documents\gitHub\SenaiLessons\C#Web\WebMvc\wwwroot\js\site.js
FNF:0
FNH:0
LF:0
LH:0
BRF:0
BRH:0
end_of_record
TN:
SF:c:\Users\46885473820\Documents\gitHub\SenaiLessons\C#Web\WebMvc\wwwroot\js\site.min.js
FNF:0
FNH:0
LF:0
LH:0
BRF:0
BRH:0
end_of_record
TN:
SF:c:\Users\46885473820\Documents\gitHub\SenaiLessons\C#Web\WebMvc\wwwroot\lib\bootstrap\dist\js\bootstrap.js
FN:11,(anonymous_0)
FN:28,(anonymous_1)
FN:34,transitionEnd
FN:54,(anonymous_3)
FN:57,(anonymous_4)
FN:58,(anonymous_5)
FN:63,(anonymous_6)
FN:71,(anonymous_7)
FN:88,(anonymous_8)
FN:95,(anonymous_9)
FN:103,(anonymous_10)
FN:126,removeElement
FN:142,Plugin
FN:143,(anonymous_13)
FN:161,(anonymous_14)
FN:183,(anonymous_15)
FN:189,(anonymous_16)
FN:201,(anonymous_17)
FN:212,(anonymous_18)
FN:225,(anonymous_19)
FN:251,Plugin
FN:252,(anonymous_21)
FN:273,(anonymous_22)
FN:283,(anonymous_23)
FN:294,(anonymous_24)
FN:309,(anonymous_25)
FN:315,(anonymous_26)
FN:343,(anonymous_27)
FN:354,(anonymous_28)
FN:366,(anonymous_29)
FN:371,(anonymous_30)
FN:381,(anonymous_31)
FN:387,(anonymous_32)
FN:393,(anonymous_33)
FN:406,(anonymous_34)
FN:411,(anonymous_35)
FN:416,(anonymous_36)
FN:450,(anonymous_37)
FN:454,(anonymous_38)
FN:475,Plugin
FN:476,(anonymous_40)
FN:498,(anonymous_41)
FN:507,(anonymous_42)
FN:529,(anonymous_43)
FN:530,(anonymous_44)
FN:548,(anonymous_45)
FN:554,(anonymous_46)
FN:578,(anonymous_47)
FN:583,(anonymous_48)
FN:616,(anonymous_49)
FN:634,(anonymous_50)
FN:656,(anonymous_51)
FN:672,(anonymous_52)
FN:676,(anonymous_53)
FN:679,(anonymous_54)
FN:686,(anonymous_55)
FN:695,getTargetFromTrigger
FN:707,Plugin
FN:708,(anonymous_58)
FN:728,(anonymous_59)
FN:737,(anonymous_60)
FN:760,(anonymous_61)
FN:768,(anonymous_62)
FN:774,getParent
FN:787,clearMenus
FN:790,(anonymous_65)
FN:808,(anonymous_66)
FN:844,(anonymous_67)
FN:880,Plugin
FN:881,(anonymous_69)
FN:899,(anonymous_70)
FN:910,(anonymous_71)
FN:926,(anonymous_72)
FN:932,(anonymous_73)
FN:946,(anonymous_74)
FN:963,(anonymous_75)
FN:967,(anonymous_76)
FN:986,(anonymous_77)
FN:987,(anonymous_78)
FN:992,(anonymous_79)
FN:1017,(anonymous_80)
FN:1025,(anonymous_81)
FN:1055,(anonymous_82)
FN:1058,(anonymous_83)
FN:1067,(anonymous_84)
FN:1069,(anonymous_85)
FN:1077,(anonymous_86)
FN:1085,(anonymous_87)
FN:1088,(anonymous_88)
FN:1096,(anonymous_89)
FN:1101,(anonymous_90)
FN:1112,(anonymous_91)
FN:1138,(anonymous_92)
FN:1155,(anonymous_93)
FN:1159,(anonymous_94)
FN:1168,(anonymous_95)
FN:1175,(anonymous_96)
FN:1185,(anonymous_97)
FN:1191,(anonymous_98)
FN:1195,(anonymous_99)
FN:1208,Plugin
FN:1209,(anonymous_101)
FN:1229,(anonymous_102)
FN:1238,(anonymous_103)
FN:1246,(anonymous_104)
FN:1248,(anonymous_105)
FN:1267,(anonymous_106)
FN:1273,(anonymous_107)
FN:1305,(anonymous_108)
FN:1338,(anonymous_109)
FN:1342,(anonymous_110)
FN:1355,(anonymous_111)
FN:1359,(anonymous_112)
FN:1366,(anonymous_113)
FN:1390,(anonymous_114)
FN:1395,(anonymous_115)
FN:1403,(anonymous_116)
FN:1424,(anonymous_117)
FN:1429,(anonymous_118)
FN:1489,(anonymous_119)
FN:1505,(anonymous_120)
FN:1524,(anonymous_121)
FN:1555,(anonymous_122)
FN:1561,(anonymous_123)
FN:1569,(anonymous_124)
FN:1574,complete
FN:1601,(anonymous_126)
FN:1608,(anonymous_127)
FN:1612,(anonymous_128)
FN:1633,(anonymous_129)
FN:1641,(anonymous_130)
FN:1669,(anonymous_131)
FN:1680,(anonymous_132)
FN:1686,(anonymous_133)
FN:1696,(anonymous_134)
FN:1700,(anonymous_135)
FN:1704,(anonymous_136)
FN:1708,(anonymous_137)
FN:1712,(anonymous_138)
FN:1731,(anonymous_139)
FN:1734,(anonymous_140)
FN:1750,Plugin
FN:1751,(anonymous_142)
FN:1771,(anonymous_143)
FN:1787,(anonymous_144)
FN:1793,(anonymous_145)
FN:1816,(anonymous_146)
FN:1820,(anonymous_147)
FN:1837,(anonymous_148)
FN:1841,(anonymous_149)
FN:1851,(anonymous_150)
FN:1859,Plugin
FN:1860,(anonymous_152)
FN:1880,(anonymous_153)
FN:1896,(anonymous_154)
FN:1902,ScrollSpy
FN:1923,(anonymous_156)
FN:1927,(anonymous_157)
FN:1943,(anonymous_158)
FN:1953,(anonymous_159)
FN:1954,(anonymous_160)
FN:1960,(anonymous_161)
FN:1990,(anonymous_162)
FN:2012,(anonymous_163)
FN:2022,Plugin
FN:2023,(anonymous_165)
FN:2042,(anonymous_166)
FN:2051,(anonymous_167)
FN:2052,(anonymous_168)
FN:2069,(anonymous_169)
FN:2075,(anonymous_170)
FN:2085,(anonymous_171)
FN:2113,(anonymous_172)
FN:2125,(anonymous_173)
FN:2131,next
FN:2177,Plugin
FN:2178,(anonymous_176)
FN:2196,(anonymous_177)
FN:2205,(anonymous_178)
FN:2225,(anonymous_179)
FN:2231,(anonymous_180)
FN:2255,(anonymous_181)
FN:2277,(anonymous_182)
FN:2285,(anonymous_183)
FN:2289,(anonymous_184)
FN:2334,Plugin
FN:2335,(anonymous_186)
FN:2354,(anonymous_187)
FN:2363,(anonymous_188)
FN:2364,(anonymous_189)
FNF:190
FNH:0
FNDA:0,(anonymous_0)
FNDA:0,(anonymous_1)
FNDA:0,transitionEnd
FNDA:0,(anonymous_3)
FNDA:0,(anonymous_4)
FNDA:0,(anonymous_5)
FNDA:0,(anonymous_6)
FNDA:0,(anonymous_7)
FNDA:0,(anonymous_8)
FNDA:0,(anonymous_9)
FNDA:0,(anonymous_10)
FNDA:0,removeElement
FNDA:0,Plugin
FNDA:0,(anonymous_13)
FNDA:0,(anonymous_14)
FNDA:0,(anonymous_15)
FNDA:0,(anonymous_16)
FNDA:0,(anonymous_17)
FNDA:0,(anonymous_18)
FNDA:0,(anonymous_19)
FNDA:0,Plugin
FNDA:0,(anonymous_21)
FNDA:0,(anonymous_22)
FNDA:0,(anonymous_23)
FNDA:0,(anonymous_24)
FNDA:0,(anonymous_25)
FNDA:0,(anonymous_26)
FNDA:0,(anonymous_27)
FNDA:0,(anonymous_28)
FNDA:0,(anonymous_29)
FNDA:0,(anonymous_30)
FNDA:0,(anonymous_31)
FNDA:0,(anonymous_32)
FNDA:0,(anonymous_33)
FNDA:0,(anonymous_34)
FNDA:0,(anonymous_35)
FNDA:0,(anonymous_36)
FNDA:0,(anonymous_37)
FNDA:0,(anonymous_38)
FNDA:0,Plugin
FNDA:0,(anonymous_40)
FNDA:0,(anonymous_41)
FNDA:0,(anonymous_42)
FNDA:0,(anonymous_43)
FNDA:0,(anonymous_44)
FNDA:0,(anonymous_45)
FNDA:0,(anonymous_46)
FNDA:0,(anonymous_47)
FNDA:0,(anonymous_48)
FNDA:0,(anonymous_49)
FNDA:0,(anonymous_50)
FNDA:0,(anonymous_51)
FNDA:0,(anonymous_52)
FNDA:0,(anonymous_53)
FNDA:0,(anonymous_54)
FNDA:0,(anonymous_55)
FNDA:0,getTargetFromTrigger
FNDA:0,Plugin
FNDA:0,(anonymous_58)
FNDA:0,(anonymous_59)
FNDA:0,(anonymous_60)
FNDA:0,(anonymous_61)
FNDA:0,(anonymous_62)
FNDA:0,getParent
FNDA:0,clearMenus
FNDA:0,(anonymous_65)
FNDA:0,(anonymous_66)
FNDA:0,(anonymous_67)
FNDA:0,Plugin
FNDA:0,(anonymous_69)
FNDA:0,(anonymous_70)
FNDA:0,(anonymous_71)
FNDA:0,(anonymous_72)
FNDA:0,(anonymous_73)
FNDA:0,(anonymous_74)
FNDA:0,(anonymous_75)
FNDA:0,(anonymous_76)
FNDA:0,(anonymous_77)
FNDA:0,(anonymous_78)
FNDA:0,(anonymous_79)
FNDA:0,(anonymous_80)
FNDA:0,(anonymous_81)
FNDA:0,(anonymous_82)
FNDA:0,(anonymous_83)
FNDA:0,(anonymous_84)
FNDA:0,(anonymous_85)
FNDA:0,(anonymous_86)
FNDA:0,(anonymous_87)
FNDA:0,(anonymous_88)
FNDA:0,(anonymous_89)
FNDA:0,(anonymous_90)
FNDA:0,(anonymous_91)
FNDA:0,(anonymous_92)
FNDA:0,(anonymous_93)
FNDA:0,(anonymous_94)
FNDA:0,(anonymous_95)
FNDA:0,(anonymous_96)
FNDA:0,(anonymous_97)
FNDA:0,(anonymous_98)
FNDA:0,(anonymous_99)
FNDA:0,Plugin
FNDA:0,(anonymous_101)
FNDA:0,(anonymous_102)
FNDA:0,(anonymous_103)
FNDA:0,(anonymous_104)
FNDA:0,(anonymous_105)
FNDA:0,(anonymous_106)
FNDA:0,(anonymous_107)
FNDA:0,(anonymous_108)
FNDA:0,(anonymous_109)
FNDA:0,(anonymous_110)
FNDA:0,(anonymous_111)
FNDA:0,(anonymous_112)
FNDA:0,(anonymous_113)
FNDA:0,(anonymous_114)
FNDA:0,(anonymous_115)
FNDA:0,(anonymous_116)
FNDA:0,(anonymous_117)
FNDA:0,(anonymous_118)
FNDA:0,(anonymous_119)
FNDA:0,(anonymous_120)
FNDA:0,(anonymous_121)
FNDA:0,(anonymous_122)
FNDA:0,(anonymous_123)
FNDA:0,(anonymous_124)
FNDA:0,complete
FNDA:0,(anonymous_126)
FNDA:0,(anonymous_127)
FNDA:0,(anonymous_128)
FNDA:0,(anonymous_129)
FNDA:0,(anonymous_130)
FNDA:0,(anonymous_131)
FNDA:0,(anonymous_132)
FNDA:0,(anonymous_133)
FNDA:0,(anonymous_134)
FNDA:0,(anonymous_135)
FNDA:0,(anonymous_136)
FNDA:0,(anonymous_137)
FNDA:0,(anonymous_138)
FNDA:0,(anonymous_139)
FNDA:0,(anonymous_140)
FNDA:0,Plugin
FNDA:0,(anonymous_142)
FNDA:0,(anonymous_143)
FNDA:0,(anonymous_144)
FNDA:0,(anonymous_145)
FNDA:0,(anonymous_146)
FNDA:0,(anonymous_147)
FNDA:0,(anonymous_148)
FNDA:0,(anonymous_149)
FNDA:0,(anonymous_150)
FNDA:0,Plugin
FNDA:0,(anonymous_152)
FNDA:0,(anonymous_153)
FNDA:0,(anonymous_154)
FNDA:0,ScrollSpy
FNDA:0,(anonymous_156)
FNDA:0,(anonymous_157)
FNDA:0,(anonymous_158)
FNDA:0,(anonymous_159)
FNDA:0,(anonymous_160)
FNDA:0,(anonymous_161)
FNDA:0,(anonymous_162)
FNDA:0,(anonymous_163)
FNDA:0,Plugin
FNDA:0,(anonymous_165)
FNDA:0,(anonymous_166)
FNDA:0,(anonymous_167)
FNDA:0,(anonymous_168)
FNDA:0,(anonymous_169)
FNDA:0,(anonymous_170)
FNDA:0,(anonymous_171)
FNDA:0,(anonymous_172)
FNDA:0,(anonymous_173)
FNDA:0,next
FNDA:0,Plugin
FNDA:0,(anonymous_176)
FNDA:0,(anonymous_177)
FNDA:0,(anonymous_178)
FNDA:0,(anonymous_179)
FNDA:0,(anonymous_180)
FNDA:0,(anonymous_181)
FNDA:0,(anonymous_182)
FNDA:0,(anonymous_183)
FNDA:0,(anonymous_184)
FNDA:0,Plugin
FNDA:0,(anonymous_186)
FNDA:0,(anonymous_187)
FNDA:0,(anonymous_188)
FNDA:0,(anonymous_189)
DA:7,0
DA:8,0
DA:11,0
DA:13,0
DA:14,0
DA:15,0
DA:28,0
DA:35,0
DA:37,0
DA:44,0
DA:45,0
DA:46,0
DA:50,0
DA:54,0
DA:55,0
DA:56,0
DA:57,0
DA:58,0
DA:59,0
DA:60,0
DA:63,0
DA:64,0
DA:66,0
DA:68,0
DA:72,0
DA:88,0
DA:94,0
DA:95,0
DA:96,0
DA:99,0
DA:101,0
DA:103,0
DA:104,0
DA:105,0
DA:107,0
DA:108,0
DA:109,0
DA:112,0
DA:114,0
DA:116,0
DA:117,0
DA:120,0
DA:122,0
DA:124,0
DA:128,0
DA:131,0
DA:143,0
DA:144,0
DA:145,0
DA:147,0
DA:148,0
DA:152,0
DA:154,0
DA:155,0
DA:161,0
DA:162,0
DA:163,0
DA:170,0
DA:183,0
DA:189,0
DA:190,0
DA:191,0
DA:192,0
DA:195,0
DA:197,0
DA:201,0
DA:202,0
DA:203,0
DA:204,0
DA:205,0
DA:207,0
DA:209,0
DA:212,0
DA:213,0
DA:215,0
DA:216,0
DA:217,0
DA:218,0
DA:219,0
DA:220,0
DA:225,0
DA:226,0
DA:227,0
DA:229,0
DA:230,0
DA:231,0
DA:232,0
DA:233,0
DA:234,0
DA:235,0
DA:236,0
DA:237,0
DA:239,0
DA:240,0
DA:242,0
DA:243,0
DA:252,0
DA:253,0
DA:254,0
DA:255,0
DA:257,0
DA:259,0
DA:260,0
DA:264,0
DA:266,0
DA:267,0
DA:273,0
DA:274,0
DA:275,0
DA:282,0
DA:284,0
DA:285,0
DA:286,0
DA:288,0
DA:290,0
DA:291,0
DA:295,0
DA:309,0
DA:315,0
DA:316,0
DA:317,0
DA:318,0
DA:319,0
DA:320,0
DA:321,0
DA:322,0
DA:323,0
DA:325,0
DA:327,0
DA:332,0
DA:334,0
DA:336,0
DA:343,0
DA:344,0
DA:345,0
DA:346,0
DA:347,0
DA:348,0
DA:351,0
DA:354,0
DA:355,0
DA:357,0
DA:359,0
DA:363,0
DA:366,0
DA:367,0
DA:368,0
DA:371,0
DA:372,0
DA:373,0
DA:375,0
DA:376,0
DA:377,0
DA:378,0
DA:381,0
DA:382,0
DA:383,0
DA:385,0
DA:387,0
DA:388,0
DA:390,0
DA:393,0
DA:394,0
DA:396,0
DA:397,0
DA:398,0
DA:401,0
DA:403,0
DA:406,0
DA:407,0
DA:408,0
DA:411,0
DA:412,0
DA:413,0
DA:416,0
DA:417,0
DA:418,0
DA:419,0
DA:420,0
DA:421,0
DA:423,0
DA:425,0
DA:426,0
DA:430,0
DA:431,0
DA:433,0
DA:435,0
DA:437,0
DA:438,0
DA:439,0
DA:440,0
DA:443,0
DA:444,0
DA:445,0
DA:446,0
DA:447,0
DA:448,0
DA:449,0
DA:451,0
DA:452,0
DA:453,0
DA:454,0
DA:455,0
DA:460,0
DA:461,0
DA:462,0
DA:463,0
DA:466,0
DA:468,0
DA:476,0
DA:477,0
DA:478,0
DA:479,0
DA:480,0
DA:482,0
DA:483,0
DA:484,0
DA:485,0
DA:489,0
DA:491,0
DA:492,0
DA:498,0
DA:499,0
DA:500,0
DA:507,0
DA:509,0
DA:510,0
DA:511,0
DA:512,0
DA:513,0
DA:514,0
DA:516,0
DA:518,0
DA:519,0
DA:522,0
DA:525,0
DA:529,0
DA:530,0
DA:531,0
DA:532,0
DA:548,0
DA:554,0
DA:555,0
DA:556,0
DA:557,0
DA:559,0
DA:561,0
DA:562,0
DA:564,0
DA:567,0
DA:570,0
DA:572,0
DA:574,0
DA:578,0
DA:579,0
DA:580,0
DA:583,0
DA:584,0
DA:587,0
DA:589,0
DA:590,0
DA:591,0
DA:594,0
DA:595,0
DA:596,0
DA:598,0
DA:599,0
DA:600,0
DA:603,0
DA:605,0
DA:610,0
DA:614,0
DA:616,0
DA:617,0
DA:620,0
DA:621,0
DA:625,0
DA:627,0
DA:629,0
DA:634,0
DA:635,0
DA:637,0
DA:638,0
DA:639,0
DA:641,0
DA:643,0
DA:645,0
DA:650,0
DA:654,0
DA:656,0
DA:657,0
DA:658,0
DA:664,0
DA:666,0
DA:672,0
DA:673,0
DA:676,0
DA:677,0
DA:680,0
DA:681,0
DA:686,0
DA:687,0
DA:689,0
DA:690,0
DA:697,0
DA:700,0
DA:708,0
DA:709,0
DA:710,0
DA:711,0
DA:713,0
DA:714,0
DA:715,0
DA:719,0
DA:721,0
DA:722,0
DA:728,0
DA:729,0
DA:730,0
DA:737,0
DA:738,0
DA:740,0
DA:742,0
DA:743,0
DA:744,0
DA:746,0
DA:760,0
DA:766,0
DA:767,0
DA:768,0
DA:769,0
DA:772,0
DA:775,0
DA:777,0
DA:778,0
DA:779,0
DA:782,0
DA:784,0
DA:788,0
DA:789,0
DA:790,0
DA:791,0
DA:792,0
DA:793,0
DA:795,0
DA:797,0
DA:799,0
DA:801,0
DA:803,0
DA:804,0
DA:808,0
DA:809,0
DA:811,0
DA:813,0
DA:814,0
DA:816,0
DA:818,0
DA:819,0
DA:821,0
DA:827,0
DA:828,0
DA:830,0
DA:832,0
DA:836,0
DA:841,0
DA:844,0
DA:845,0
DA:847,0
DA:849,0
DA:850,0
DA:852,0
DA:854,0
DA:855,0
DA:857,0
DA:858,0
DA:859,0
DA:862,0
DA:863,0
DA:865,0
DA:867,0
DA:869,0
DA:870,0
DA:871,0
DA:873,0
DA:881,0
DA:882,0
DA:883,0
DA:885,0
DA:886,0
DA:890,0
DA:892,0
DA:893,0
DA:899,0
DA:900,0
DA:901,0
DA:908,0
DA:910,0
DA:926,0
DA:932,0
DA:933,0
DA:934,0
DA:935,0
DA:936,0
DA:937,0
DA:938,0
DA:939,0
DA:940,0
DA:941,0
DA:943,0
DA:944,0
DA:947,0
DA:952,0
DA:954,0
DA:955,0
DA:957,0
DA:963,0
DA:964,0
DA:967,0
DA:968,0
DA:969,0
DA:971,0
DA:973,0
DA:975,0
DA:977,0
DA:978,0
DA:979,0
DA:981,0
DA:982,0
DA:984,0
DA:986,0
DA:987,0
DA:988,0
DA:992,0
DA:993,0
DA:995,0
DA:996,0
DA:999,0
DA:1003,0
DA:1005,0
DA:1006,0
DA:1009,0
DA:1011,0
DA:1013,0
DA:1015,0
DA:1018,0
DA:1025,0
DA:1026,0
DA:1028,0
DA:1030,0
DA:1032,0
DA:1034,0
DA:1036,0
DA:1037,0
DA:1039,0
DA:1041,0
DA:1046,0
DA:1048,0
DA:1055,0
DA:1056,0
DA:1059,0
DA:1062,0
DA:1067,0
DA:1068,0
DA:1069,0
DA:1070,0
DA:1072,0
DA:1073,0
DA:1077,0
DA:1078,0
DA:1079,0
DA:1081,0
DA:1085,0
DA:1086,0
DA:1087,0
DA:1088,0
DA:1089,0
DA:1090,0
DA:1091,0
DA:1092,0
DA:1096,0
DA:1097,0
DA:1098,0
DA:1101,0
DA:1102,0
DA:1103,0
DA:1105,0
DA:1106,0
DA:1108,0
DA:1112,0
DA:1113,0
DA:1114,0
DA:1115,0
DA:1117,0
DA:1118,0
DA:1123,0
DA:1125,0
DA:1127,0
DA:1129,0
DA:1135,0
DA:1136,0
DA:1138,0
DA:1139,0
DA:1140,0
DA:1142,0
DA:1148,0
DA:1149,0
DA:1155,0
DA:1156,0
DA:1159,0
DA:1160,0
DA:1162,0
DA:1168,0
DA:1169,0
DA:1175,0
DA:1176,0
DA:1177,0
DA:1178,0
DA:1179,0
DA:1181,0
DA:1182,0
DA:1185,0
DA:1186,0
DA:1187,0
DA:1188,0
DA:1191,0
DA:1192,0
DA:1195,0
DA:1196,0
DA:1197,0
DA:1198,0
DA:1199,0
DA:1200,0
DA:1201,0
DA:1209,0
DA:1210,0
DA:1211,0
DA:1212,0
DA:1214,0
DA:1215,0
DA:1216,0
DA:1220,0
DA:1222,0
DA:1223,0
DA:1229,0
DA:1230,0
DA:1231,0
DA:1238,0
DA:1239,0
DA:1240,0
DA:1241,0
DA:1242,0
DA:1244,0
DA:1246,0
DA:1247,0
DA:1248,0
DA:1249,0
DA:1252,0
DA:1267,0
DA:1273,0
DA:1274,0
DA:1275,0
DA:1276,0
DA:1277,0
DA:1278,0
DA:1279,0
DA:1280,0
DA:1282,0
DA:1285,0
DA:1287,0
DA:1289,0
DA:1305,0
DA:1306,0
DA:1307,0
DA:1308,0
DA:1309,0
DA:1310,0
DA:1311,0
DA:1313,0
DA:1314,0
DA:1317,0
DA:1319,0
DA:1320,0
DA:1322,0
DA:1323,0
DA:1324,0
DA:1325,0
DA:1326,0
DA:1328,0
DA:1329,0
DA:1333,0
DA:1338,0
DA:1339,0
DA:1342,0
DA:1343,0
DA:1345,0
DA:1346,0
DA:1352,0
DA:1355,0
DA:1356,0
DA:1357,0
DA:1359,0
DA:1360,0
DA:1363,0
DA:1366,0
DA:1367,0
DA:1370,0
DA:1371,0
DA:1372,0
DA:1375,0
DA:1376,0
DA:1379,0
DA:1380,0
DA:1381,0
DA:1384,0
DA:1386,0
DA:1388,0
DA:1390,0
DA:1391,0
DA:1395,0
DA:1396,0
DA:1397,0
DA:1400,0
DA:1403,0
DA:1404,0
DA:1407,0
DA:1408,0
DA:1409,0
DA:1412,0
DA:1413,0
DA:1416,0
DA:1418,0
DA:1420,0
DA:1422,0
DA:1424,0
DA:1425,0
DA:1429,0
DA:1430,0
DA:1432,0
DA:1433,0
DA:1435,0
DA:1436,0
DA:1437,0
DA:1439,0
DA:1441,0
DA:1443,0
DA:1444,0
DA:1445,0
DA:1447,0
DA:1449,0
DA:1453,0
DA:1454,0
DA:1455,0
DA:1457,0
DA:1463,0
DA:1464,0
DA:1466,0
DA:1467,0
DA:1468,0
DA:1470,0
DA:1471,0
DA:1472,0
DA:1474,0
DA:1480,0
DA:1485,0
DA:1487,0
DA:1489,0
DA:1490,0
DA:1491,0
DA:1492,0
DA:1494,0
DA:1497,0
DA:1505,0
DA:1506,0
DA:1507,0
DA:1508,0
DA:1511,0
DA:1512,0
DA:1515,0
DA:1516,0
DA:1518,0
DA:1519,0
DA:1523,0
DA:1525,0
DA:1532,0
DA:1535,0
DA:1536,0
DA:1538,0
DA:1539,0
DA:1542,0
DA:1544,0
DA:1545,0
DA:1547,0
DA:1548,0
DA:1549,0
DA:1551,0
DA:1552,0
DA:1555,0
DA:1556,0
DA:1561,0
DA:1562,0
DA:1563,0
DA:1565,0
DA:1566,0
DA:1569,0
DA:1570,0
DA:1571,0
DA:1572,0
DA:1575,0
DA:1576,0
DA:1577,0
DA:1581,0
DA:1584,0
DA:1586,0
DA:1588,0
DA:1590,0
DA:1596,0
DA:1598,0
DA:1601,0
DA:1602,0
DA:1603,0
DA:1604,0
DA:1608,0
DA:1609,0
DA:1612,0
DA:1613,0
DA:1615,0
DA:1616,0
DA:1618,0
DA:1619,0
DA:1621,0
DA:1623,0
DA:1626,0
DA:1627,0
DA:1628,0
DA:1630,0
DA:1633,0
DA:1634,0
DA:1641,0
DA:1642,0
DA:1643,0
DA:1645,0
DA:1646,0
DA:1648,0
DA:1649,0
DA:1650,0
DA:1651,0
DA:1652,0
DA:1653,0
DA:1654,0
DA:1657,0
DA:1658,0
DA:1659,0
DA:1660,0
DA:1661,0
DA:1662,0
DA:1666,0
DA:1669,0
DA:1671,0
DA:1672,0
DA:1674,0
DA:1677,0
DA:1680,0
DA:1681,0
DA:1683,0
DA:1686,0
DA:1687,0
DA:1688,0
DA:1689,0
DA:1690,0
DA:1693,0
DA:1696,0
DA:1697,0
DA:1700,0
DA:1701,0
DA:1704,0
DA:1705,0
DA:1708,0
DA:1709,0
DA:1712,0
DA:1713,0
DA:1714,0
DA:1715,0
DA:1716,0
DA:1717,0
DA:1718,0
DA:1722,0
DA:1723,0
DA:1724,0
DA:1725,0
DA:1727,0
DA:1731,0
DA:1732,0
DA:1733,0
DA:1734,0
DA:1735,0
DA:1736,0
DA:1737,0
DA:1739,0
DA:1740,0
DA:1741,0
DA:1742,0
DA:1751,0
DA:1752,0
DA:1753,0
DA:1754,0
DA:1756,0
DA:1757,0
DA:1758,0
DA:1762,0
DA:1764,0
DA:1765,0
DA:1771,0
DA:1772,0
DA:1773,0
DA:1787,0
DA:1793,0
DA:1794,0
DA:1797,0
DA:1799,0
DA:1801,0
DA:1812,0
DA:1814,0
DA:1816,0
DA:1817,0
DA:1820,0
DA:1821,0
DA:1822,0
DA:1823,0
DA:1825,0
DA:1826,0
DA:1830,0
DA:1834,0
DA:1837,0
DA:1838,0
DA:1841,0
DA:1842,0
DA:1843,0
DA:1845,0
DA:1851,0
DA:1852,0
DA:1860,0
DA:1861,0
DA:1862,0
DA:1863,0
DA:1865,0
DA:1866,0
DA:1867,0
DA:1871,0
DA:1873,0
DA:1874,0
DA:1880,0
DA:1881,0
DA:1882,0
DA:1896,0
DA:1903,0
DA:1904,0
DA:1905,0
DA:1906,0
DA:1907,0
DA:1908,0
DA:1909,0
DA:1910,0
DA:1912,0
DA:1913,0
DA:1914,0
DA:1917,0
DA:1919,0
DA:1923,0
DA:1924,0
DA:1927,0
DA:1928,0
DA:1929,0
DA:1930,0
DA:1932,0
DA:1933,0
DA:1934,0
DA:1936,0
DA:1937,0
DA:1938,0
DA:1941,0
DA:1944,0
DA:1945,0
DA:1946,0
DA:1948,0
DA:1953,0
DA:1955,0
DA:1956,0
DA:1960,0
DA:1961,0
DA:1962,0
DA:1963,0
DA:1964,0
DA:1965,0
DA:1966,0
DA:1969,0
DA:1970,0
DA:1973,0
DA:1974,0
DA:1977,0
DA:1978,0
DA:1979,0
DA:1982,0
DA:1983,0
DA:1990,0
DA:1991,0
DA:1993,0
DA:1995,0
DA:1999,0
DA:2003,0
DA:2004,0
DA:2009,0
DA:2012,0
DA:2013,0
DA:2023,0
DA:2024,0
DA:2025,0
DA:2026,0
DA:2028,0
DA:2029,0
DA:2033,0
DA:2035,0
DA:2036,0
DA:2042,0
DA:2043,0
DA:2044,0
DA:2051,0
DA:2052,0
DA:2053,0
DA:2054,0
DA:2069,0
DA:2075,0
DA:2077,0
DA:2081,0
DA:2083,0
DA:2085,0
DA:2086,0
DA:2087,0
DA:2088,0
DA:2090,0
DA:2091,0
DA:2092,0
DA:2095,0
DA:2097,0
DA:2098,0
DA:2101,0
DA:2105,0
DA:2106,0
DA:2108,0
DA:2110,0
DA:2112,0
DA:2113,0
DA:2114,0
DA:2118,0
DA:2125,0
DA:2126,0
DA:2127,0
DA:2132,0
DA:2140,0
DA:2145,0
DA:2146,0
DA:2147,0
DA:2149,0
DA:2152,0
DA:2153,0
DA:2161,0
DA:2164,0
DA:2170,0
DA:2178,0
DA:2179,0
DA:2180,0
DA:2182,0
DA:2183,0
DA:2187,0
DA:2189,0
DA:2190,0
DA:2196,0
DA:2197,0
DA:2198,0
DA:2205,0
DA:2206,0
DA:2207,0
DA:2210,0
DA:2225,0
DA:2231,0
DA:2232,0
DA:2234,0
DA:2238,0
DA:2239,0
DA:2240,0
DA:2241,0
DA:2243,0
DA:2246,0
DA:2248,0
DA:2250,0
DA:2255,0
DA:2256,0
DA:2257,0
DA:2258,0
DA:2260,0
DA:2262,0
DA:2263,0
DA:2264,0
DA:2267,0
DA:2268,0
DA:2269,0
DA:2271,0
DA:2272,0
DA:2274,0
DA:2277,0
DA:2278,0
DA:2279,0
DA:2280,0
DA:2281,0
DA:2282,0
DA:2285,0
DA:2286,0
DA:2289,0
DA:2290,0
DA:2292,0
DA:2293,0
DA:2294,0
DA:2295,0
DA:2296,0
DA:2298,0
DA:2299,0
DA:2300,0
DA:2302,0
DA:2304,0
DA:2305,0
DA:2307,0
DA:2308,0
DA:2310,0
DA:2312,0
DA:2314,0
DA:2315,0
DA:2317,0
DA:2323,0
DA:2324,0
DA:2335,0
DA:2336,0
DA:2337,0
DA:2338,0
DA:2340,0
DA:2341,0
DA:2345,0
DA:2347,0
DA:2348,0
DA:2354,0
DA:2355,0
DA:2356,0
DA:2363,0
DA:2364,0
DA:2365,0
DA:2366,0
DA:2368,0
DA:2370,0
DA:2371,0
DA:2373,0
LF:1058
LH:0
BRDA:7,0,0,0
BRDA:7,0,1,0
BRDA:14,1,0,0
BRDA:14,1,1,0
BRDA:14,2,0,0
BRDA:14,2,1,0
BRDA:14,2,2,0
BRDA:14,2,3,0
BRDA:14,2,4,0
BRDA:14,2,5,0
BRDA:45,3,0,0
BRDA:45,3,1,0
BRDA:58,4,0,0
BRDA:58,4,1,0
BRDA:66,5,0,0
BRDA:66,5,1,0
BRDA:72,6,0,0
BRDA:72,6,1,0
BRDA:107,7,0,0
BRDA:107,7,1,0
BRDA:109,8,0,0
BRDA:109,8,1,0
BRDA:112,9,0,0
BRDA:112,9,1,0
BRDA:114,10,0,0
BRDA:114,10,1,0
BRDA:116,11,0,0
BRDA:116,11,1,0
BRDA:122,12,0,0
BRDA:122,12,1,0
BRDA:131,13,0,0
BRDA:131,13,1,0
BRDA:131,14,0,0
BRDA:131,14,1,0
BRDA:147,15,0,0
BRDA:147,15,1,0
BRDA:148,16,0,0
BRDA:148,16,1,0
BRDA:204,17,0,0
BRDA:204,17,1,0
BRDA:209,18,0,0
BRDA:209,18,1,0
BRDA:213,19,0,0
BRDA:213,19,1,0
BRDA:215,20,0,0
BRDA:215,20,1,0
BRDA:218,21,0,0
BRDA:218,21,1,0
BRDA:229,22,0,0
BRDA:229,22,1,0
BRDA:231,23,0,0
BRDA:231,23,1,0
BRDA:232,24,0,0
BRDA:232,24,1,0
BRDA:235,25,0,0
BRDA:235,25,1,0
BRDA:236,26,0,0
BRDA:236,26,1,0
BRDA:240,27,0,0
BRDA:240,27,1,0
BRDA:255,28,0,0
BRDA:255,28,1,0
BRDA:257,29,0,0
BRDA:257,29,1,0
BRDA:259,30,0,0
BRDA:259,30,1,0
BRDA:260,31,0,0
BRDA:260,31,1,0
BRDA:286,32,0,0
BRDA:286,32,1,0
BRDA:290,33,0,0
BRDA:290,33,1,0
BRDA:325,34,0,0
BRDA:325,34,1,0
BRDA:327,35,0,0
BRDA:327,35,1,0
BRDA:327,35,2,0
BRDA:344,36,0,0
BRDA:344,36,1,0
BRDA:345,37,0,0
BRDA:345,37,1,0
BRDA:345,37,2,0
BRDA:355,38,0,0
BRDA:355,38,1,0
BRDA:357,39,0,0
BRDA:357,39,1,0
BRDA:359,40,0,0
BRDA:359,40,1,0
BRDA:359,40,2,0
BRDA:368,41,0,0
BRDA:368,41,1,0
BRDA:373,42,0,0
BRDA:373,42,1,0
BRDA:373,42,2,0
BRDA:373,42,3,0
BRDA:375,43,0,0
BRDA:375,43,1,0
BRDA:375,44,0,0
BRDA:375,44,1,0
BRDA:376,45,0,0
BRDA:376,45,1,0
BRDA:385,46,0,0
BRDA:385,46,1,0
BRDA:385,47,0,0
BRDA:385,47,1,0
BRDA:387,48,0,0
BRDA:387,48,1,0
BRDA:388,49,0,0
BRDA:388,49,1,0
BRDA:390,50,0,0
BRDA:390,50,1,0
BRDA:394,51,0,0
BRDA:394,51,1,0
BRDA:396,52,0,0
BRDA:396,52,1,0
BRDA:396,53,0,0
BRDA:396,53,1,0
BRDA:407,54,0,0
BRDA:407,54,1,0
BRDA:412,55,0,0
BRDA:412,55,1,0
BRDA:418,56,0,0
BRDA:418,56,1,0
BRDA:420,57,0,0
BRDA:420,57,1,0
BRDA:423,58,0,0
BRDA:423,58,1,0
BRDA:431,59,0,0
BRDA:431,59,1,0
BRDA:435,60,0,0
BRDA:435,60,1,0
BRDA:437,61,0,0
BRDA:437,61,1,0
BRDA:440,62,0,0
BRDA:440,62,1,0
BRDA:444,63,0,0
BRDA:444,63,1,0
BRDA:444,64,0,0
BRDA:444,64,1,0
BRDA:466,65,0,0
BRDA:466,65,1,0
BRDA:479,66,0,0
BRDA:479,66,1,0
BRDA:480,67,0,0
BRDA:480,67,1,0
BRDA:482,68,0,0
BRDA:482,68,1,0
BRDA:483,69,0,0
BRDA:483,69,1,0
BRDA:484,70,0,0
BRDA:484,70,1,0
BRDA:485,71,0,0
BRDA:485,71,1,0
BRDA:510,72,0,0
BRDA:510,72,1,0
BRDA:510,72,2,0
BRDA:511,73,0,0
BRDA:511,73,1,0
BRDA:514,74,0,0
BRDA:514,74,1,0
BRDA:518,75,0,0
BRDA:518,75,1,0
BRDA:561,76,0,0
BRDA:561,76,1,0
BRDA:567,77,0,0
BRDA:567,77,1,0
BRDA:580,78,0,0
BRDA:580,78,1,0
BRDA:584,79,0,0
BRDA:584,79,1,0
BRDA:584,80,0,0
BRDA:584,80,1,0
BRDA:587,81,0,0
BRDA:587,81,1,0
BRDA:589,82,0,0
BRDA:589,82,1,0
BRDA:589,83,0,0
BRDA:589,83,1,0
BRDA:591,84,0,0
BRDA:591,84,1,0
BRDA:591,85,0,0
BRDA:591,85,1,0
BRDA:596,86,0,0
BRDA:596,86,1,0
BRDA:598,87,0,0
BRDA:598,87,1,0
BRDA:598,88,0,0
BRDA:598,88,1,0
BRDA:600,89,0,0
BRDA:600,89,1,0
BRDA:625,90,0,0
BRDA:625,90,1,0
BRDA:635,91,0,0
BRDA:635,91,1,0
BRDA:635,92,0,0
BRDA:635,92,1,0
BRDA:639,93,0,0
BRDA:639,93,1,0
BRDA:664,94,0,0
BRDA:664,94,1,0
BRDA:673,95,0,0
BRDA:673,95,1,0
BRDA:697,96,0,0
BRDA:697,96,1,0
BRDA:697,96,2,0
BRDA:711,97,0,0
BRDA:711,97,1,0
BRDA:713,98,0,0
BRDA:713,98,1,0
BRDA:713,99,0,0
BRDA:713,99,1,0
BRDA:713,99,2,0
BRDA:714,100,0,0
BRDA:714,100,1,0
BRDA:715,101,0,0
BRDA:715,101,1,0
BRDA:740,102,0,0
BRDA:740,102,1,0
BRDA:744,103,0,0
BRDA:744,103,1,0
BRDA:777,104,0,0
BRDA:777,104,1,0
BRDA:779,105,0,0
BRDA:779,105,1,0
BRDA:779,105,2,0
BRDA:782,106,0,0
BRDA:782,106,1,0
BRDA:784,107,0,0
BRDA:784,107,1,0
BRDA:784,108,0,0
BRDA:784,108,1,0
BRDA:788,109,0,0
BRDA:788,109,1,0
BRDA:788,110,0,0
BRDA:788,110,1,0
BRDA:795,111,0,0
BRDA:795,111,1,0
BRDA:797,112,0,0
BRDA:797,112,1,0
BRDA:797,113,0,0
BRDA:797,113,1,0
BRDA:797,113,2,0
BRDA:797,113,3,0
BRDA:801,114,0,0
BRDA:801,114,1,0
BRDA:811,115,0,0
BRDA:811,115,1,0
BRDA:818,116,0,0
BRDA:818,116,1,0
BRDA:819,117,0,0
BRDA:819,117,1,0
BRDA:819,118,0,0
BRDA:819,118,1,0
BRDA:830,119,0,0
BRDA:830,119,1,0
BRDA:845,120,0,0
BRDA:845,120,1,0
BRDA:845,121,0,0
BRDA:845,121,1,0
BRDA:852,122,0,0
BRDA:852,122,1,0
BRDA:857,123,0,0
BRDA:857,123,1,0
BRDA:857,124,0,0
BRDA:857,124,1,0
BRDA:857,124,2,0
BRDA:857,124,3,0
BRDA:858,125,0,0
BRDA:858,125,1,0
BRDA:865,126,0,0
BRDA:865,126,1,0
BRDA:869,127,0,0
BRDA:869,127,1,0
BRDA:869,128,0,0
BRDA:869,128,1,0
BRDA:870,129,0,0
BRDA:870,129,1,0
BRDA:870,130,0,0
BRDA:870,130,1,0
BRDA:871,131,0,0
BRDA:871,131,1,0
BRDA:885,132,0,0
BRDA:885,132,1,0
BRDA:886,133,0,0
BRDA:886,133,1,0
BRDA:943,134,0,0
BRDA:943,134,1,0
BRDA:964,135,0,0
BRDA:964,135,1,0
BRDA:973,136,0,0
BRDA:973,136,1,0
BRDA:973,137,0,0
BRDA:973,137,1,0
BRDA:988,138,0,0
BRDA:988,138,1,0
BRDA:993,139,0,0
BRDA:993,139,1,0
BRDA:995,140,0,0
BRDA:995,140,1,0
BRDA:1005,141,0,0
BRDA:1005,141,1,0
BRDA:1015,142,0,0
BRDA:1015,142,1,0
BRDA:1026,143,0,0
BRDA:1026,143,1,0
BRDA:1032,144,0,0
BRDA:1032,144,1,0
BRDA:1032,145,0,0
BRDA:1032,145,1,0
BRDA:1048,146,0,0
BRDA:1048,146,1,0
BRDA:1048,147,0,0
BRDA:1048,147,1,0
BRDA:1059,148,0,0
BRDA:1059,148,1,0
BRDA:1059,149,0,0
BRDA:1059,149,1,0
BRDA:1059,149,2,0
BRDA:1068,150,0,0
BRDA:1068,150,1,0
BRDA:1068,151,0,0
BRDA:1068,151,1,0
BRDA:1070,152,0,0
BRDA:1070,152,1,0
BRDA:1072,153,0,0
BRDA:1072,153,1,0
BRDA:1078,154,0,0
BRDA:1078,154,1,0
BRDA:1097,155,0,0
BRDA:1097,155,1,0
BRDA:1103,156,0,0
BRDA:1103,156,1,0
BRDA:1105,157,0,0
BRDA:1105,157,1,0
BRDA:1105,158,0,0
BRDA:1105,158,1,0
BRDA:1106,159,0,0
BRDA:1106,159,1,0
BRDA:1113,160,0,0
BRDA:1113,160,1,0
BRDA:1117,161,0,0
BRDA:1117,161,1,0
BRDA:1118,162,0,0
BRDA:1118,162,1,0
BRDA:1123,163,0,0
BRDA:1123,163,1,0
BRDA:1127,164,0,0
BRDA:1127,164,1,0
BRDA:1129,165,0,0
BRDA:1129,165,1,0
BRDA:1135,166,0,0
BRDA:1135,166,1,0
BRDA:1135,167,0,0
BRDA:1135,167,1,0
BRDA:1140,168,0,0
BRDA:1140,168,1,0
BRDA:1142,169,0,0
BRDA:1142,169,1,0
BRDA:1142,170,0,0
BRDA:1142,170,1,0
BRDA:1148,171,0,0
BRDA:1148,171,1,0
BRDA:1163,172,0,0
BRDA:1163,172,1,0
BRDA:1163,173,0,0
BRDA:1163,173,1,0
BRDA:1164,174,0,0
BRDA:1164,174,1,0
BRDA:1164,175,0,0
BRDA:1164,175,1,0
BRDA:1177,176,0,0
BRDA:1177,176,1,0
BRDA:1186,177,0,0
BRDA:1186,177,1,0
BRDA:1187,178,0,0
BRDA:1187,178,1,0
BRDA:1188,179,0,0
BRDA:1188,179,1,0
BRDA:1212,180,0,0
BRDA:1212,180,1,0
BRDA:1214,181,0,0
BRDA:1214,181,1,0
BRDA:1215,182,0,0
BRDA:1215,182,1,0
BRDA:1216,183,0,0
BRDA:1216,183,1,0
BRDA:1241,184,0,0
BRDA:1241,184,1,0
BRDA:1241,184,2,0
BRDA:1242,185,0,0
BRDA:1242,185,1,0
BRDA:1242,186,0,0
BRDA:1242,186,1,0
BRDA:1244,187,0,0
BRDA:1244,187,1,0
BRDA:1247,188,0,0
BRDA:1247,188,1,0
BRDA:1249,189,0,0
BRDA:1249,189,1,0
BRDA:1310,190,0,0
BRDA:1310,190,1,0
BRDA:1310,191,0,0
BRDA:1310,191,1,0
BRDA:1310,192,0,0
BRDA:1310,192,1,0
BRDA:1313,193,0,0
BRDA:1313,193,1,0
BRDA:1313,194,0,0
BRDA:1313,194,1,0
BRDA:1322,195,0,0
BRDA:1322,195,1,0
BRDA:1324,196,0,0
BRDA:1324,196,1,0
BRDA:1325,197,0,0
BRDA:1325,197,1,0
BRDA:1326,198,0,0
BRDA:1326,198,1,0
BRDA:1333,199,0,0
BRDA:1333,199,1,0
BRDA:1345,200,0,0
BRDA:1345,200,1,0
BRDA:1345,201,0,0
BRDA:1345,201,1,0
BRDA:1359,202,0,0
BRDA:1359,202,1,0
BRDA:1360,203,0,0
BRDA:1360,203,1,0
BRDA:1367,204,0,0
BRDA:1367,204,1,0
BRDA:1370,205,0,0
BRDA:1370,205,1,0
BRDA:1375,206,0,0
BRDA:1375,206,1,0
BRDA:1376,207,0,0
BRDA:1376,207,1,0
BRDA:1379,208,0,0
BRDA:1379,208,1,0
BRDA:1379,209,0,0
BRDA:1379,209,1,0
BRDA:1388,210,0,0
BRDA:1388,210,1,0
BRDA:1388,211,0,0
BRDA:1388,211,1,0
BRDA:1391,212,0,0
BRDA:1391,212,1,0
BRDA:1397,213,0,0
BRDA:1397,213,1,0
BRDA:1404,214,0,0
BRDA:1404,214,1,0
BRDA:1407,215,0,0
BRDA:1407,215,1,0
BRDA:1412,216,0,0
BRDA:1412,216,1,0
BRDA:1413,217,0,0
BRDA:1413,217,1,0
BRDA:1416,218,0,0
BRDA:1416,218,1,0
BRDA:1422,219,0,0
BRDA:1422,219,1,0
BRDA:1422,220,0,0
BRDA:1422,220,1,0
BRDA:1425,221,0,0
BRDA:1425,221,1,0
BRDA:1432,222,0,0
BRDA:1432,222,1,0
BRDA:1432,223,0,0
BRDA:1432,223,1,0
BRDA:1436,224,0,0
BRDA:1436,224,1,0
BRDA:1436,225,0,0
BRDA:1436,225,1,0
BRDA:1447,226,0,0
BRDA:1447,226,1,0
BRDA:1449,227,0,0
BRDA:1449,227,1,0
BRDA:1455,228,0,0
BRDA:1455,228,1,0
BRDA:1455,229,0,0
BRDA:1455,229,1,0
BRDA:1463,230,0,0
BRDA:1463,230,1,0
BRDA:1470,231,0,0
BRDA:1470,231,1,0
BRDA:1474,232,0,0
BRDA:1474,232,1,0
BRDA:1474,233,0,0
BRDA:1474,233,1,0
BRDA:1475,234,0,0
BRDA:1475,234,1,0
BRDA:1475,235,0,0
BRDA:1475,235,1,0
BRDA:1476,236,0,0
BRDA:1476,236,1,0
BRDA:1476,237,0,0
BRDA:1476,237,1,0
BRDA:1477,238,0,0
BRDA:1477,238,1,0
BRDA:1477,239,0,0
BRDA:1477,239,1,0
BRDA:1494,240,0,0
BRDA:1494,240,1,0
BRDA:1497,241,0,0
BRDA:1497,241,1,0
BRDA:1497,242,0,0
BRDA:1497,242,1,0
BRDA:1515,243,0,0
BRDA:1515,243,1,0
BRDA:1516,244,0,0
BRDA:1516,244,1,0
BRDA:1538,245,0,0
BRDA:1538,245,1,0
BRDA:1538,246,0,0
BRDA:1538,246,1,0
BRDA:1544,247,0,0
BRDA:1544,247,1,0
BRDA:1548,248,0,0
BRDA:1548,248,1,0
BRDA:1549,249,0,0
BRDA:1549,249,1,0
BRDA:1557,250,0,0
BRDA:1557,250,1,0
BRDA:1558,251,0,0
BRDA:1558,251,1,0
BRDA:1565,252,0,0
BRDA:1565,252,1,0
BRDA:1575,253,0,0
BRDA:1575,253,1,0
BRDA:1576,254,0,0
BRDA:1576,254,1,0
BRDA:1581,255,0,0
BRDA:1581,255,1,0
BRDA:1586,256,0,0
BRDA:1586,256,1,0
BRDA:1590,257,0,0
BRDA:1590,257,1,0
BRDA:1590,258,0,0
BRDA:1590,258,1,0
BRDA:1603,259,0,0
BRDA:1603,259,1,0
BRDA:1603,260,0,0
BRDA:1603,260,1,0
BRDA:1604,261,0,0
BRDA:1604,261,1,0
BRDA:1613,262,0,0
BRDA:1613,262,1,0
BRDA:1619,263,0,0
BRDA:1619,263,1,0
BRDA:1623,264,0,0
BRDA:1623,264,1,0
BRDA:1626,265,0,0
BRDA:1626,265,1,0
BRDA:1626,266,0,0
BRDA:1626,266,1,0
BRDA:1627,267,0,0
BRDA:1627,267,1,0
BRDA:1627,268,0,0
BRDA:1627,268,1,0
BRDA:1628,269,0,0
BRDA:1628,269,1,0
BRDA:1634,270,0,0
BRDA:1634,270,1,0
BRDA:1635,271,0,0
BRDA:1635,271,1,0
BRDA:1636,272,0,0
BRDA:1636,272,1,0
BRDA:1643,273,0,0
BRDA:1643,273,1,0
BRDA:1645,274,0,0
BRDA:1645,274,1,0
BRDA:1645,274,2,0
BRDA:1648,275,0,0
BRDA:1648,275,1,0
BRDA:1651,276,0,0
BRDA:1651,276,1,0
BRDA:1653,277,0,0
BRDA:1653,277,1,0
BRDA:1659,278,0,0
BRDA:1659,278,1,0
BRDA:1661,279,0,0
BRDA:1661,279,1,0
BRDA:1674,280,0,0
BRDA:1674,280,1,0
BRDA:1675,281,0,0
BRDA:1675,281,1,0
BRDA:1687,282,0,0
BRDA:1687,282,1,0
BRDA:1689,283,0,0
BRDA:1689,283,1,0
BRDA:1697,284,0,0
BRDA:1697,284,1,0
BRDA:1714,285,0,0
BRDA:1714,285,1,0
BRDA:1716,286,0,0
BRDA:1716,286,1,0
BRDA:1722,287,0,0
BRDA:1722,287,1,0
BRDA:1724,288,0,0
BRDA:1724,288,1,0
BRDA:1727,289,0,0
BRDA:1727,289,1,0
BRDA:1736,290,0,0
BRDA:1736,290,1,0
BRDA:1754,291,0,0
BRDA:1754,291,1,0
BRDA:1756,292,0,0
BRDA:1756,292,1,0
BRDA:1756,293,0,0
BRDA:1756,293,1,0
BRDA:1757,294,0,0
BRDA:1757,294,1,0
BRDA:1758,295,0,0
BRDA:1758,295,1,0
BRDA:1797,296,0,0
BRDA:1797,296,1,0
BRDA:1825,297,0,0
BRDA:1825,297,1,0
BRDA:1827,298,0,0
BRDA:1827,298,1,0
BRDA:1827,299,0,0
BRDA:1827,299,1,0
BRDA:1834,300,0,0
BRDA:1834,300,1,0
BRDA:1838,301,0,0
BRDA:1838,301,1,0
BRDA:1845,302,0,0
BRDA:1845,302,1,0
BRDA:1846,303,0,0
BRDA:1846,303,1,0
BRDA:1852,304,0,0
BRDA:1852,304,1,0
BRDA:1863,305,0,0
BRDA:1863,305,1,0
BRDA:1865,306,0,0
BRDA:1865,306,1,0
BRDA:1865,307,0,0
BRDA:1865,307,1,0
BRDA:1866,308,0,0
BRDA:1866,308,1,0
BRDA:1867,309,0,0
BRDA:1867,309,1,0
BRDA:1904,310,0,0
BRDA:1904,310,1,0
BRDA:1906,311,0,0
BRDA:1906,311,1,0
BRDA:1924,312,0,0
BRDA:1924,312,1,0
BRDA:1936,313,0,0
BRDA:1936,313,1,0
BRDA:1945,314,0,0
BRDA:1945,314,1,0
BRDA:1946,315,0,0
BRDA:1946,315,1,0
BRDA:1948,316,0,0
BRDA:1948,316,1,0
BRDA:1948,316,2,0
BRDA:1948,316,3,0
BRDA:1948,316,4,0
BRDA:1969,317,0,0
BRDA:1969,317,1,0
BRDA:1973,318,0,0
BRDA:1973,318,1,0
BRDA:1974,319,0,0
BRDA:1974,319,1,0
BRDA:1977,320,0,0
BRDA:1977,320,1,0
BRDA:1977,321,0,0
BRDA:1977,321,1,0
BRDA:1983,322,0,0
BRDA:1983,322,1,0
BRDA:1983,322,2,0
BRDA:1983,322,3,0
BRDA:1983,322,4,0
BRDA:2003,323,0,0
BRDA:2003,323,1,0
BRDA:2026,324,0,0
BRDA:2026,324,1,0
BRDA:2028,325,0,0
BRDA:2028,325,1,0
BRDA:2029,326,0,0
BRDA:2029,326,1,0
BRDA:2090,327,0,0
BRDA:2090,327,1,0
BRDA:2092,328,0,0
BRDA:2092,328,1,0
BRDA:2095,329,0,0
BRDA:2095,329,1,0
BRDA:2108,330,0,0
BRDA:2108,330,1,0
BRDA:2108,331,0,0
BRDA:2108,331,1,0
BRDA:2127,332,0,0
BRDA:2127,332,1,0
BRDA:2127,332,2,0
BRDA:2127,332,3,0
BRDA:2127,332,4,0
BRDA:2145,333,0,0
BRDA:2145,333,1,0
BRDA:2152,334,0,0
BRDA:2152,334,1,0
BRDA:2161,335,0,0
BRDA:2161,335,1,0
BRDA:2164,336,0,0
BRDA:2164,336,1,0
BRDA:2164,337,0,0
BRDA:2164,337,1,0
BRDA:2182,338,0,0
BRDA:2182,338,1,0
BRDA:2183,339,0,0
BRDA:2183,339,1,0
BRDA:2260,340,0,0
BRDA:2260,340,1,0
BRDA:2260,341,0,0
BRDA:2260,341,1,0
BRDA:2260,342,0,0
BRDA:2260,342,1,0
BRDA:2262,343,0,0
BRDA:2262,343,1,0
BRDA:2263,344,0,0
BRDA:2263,344,1,0
BRDA:2263,345,0,0
BRDA:2263,345,1,0
BRDA:2264,346,0,0
BRDA:2264,346,1,0
BRDA:2268,347,0,0
BRDA:2268,347,1,0
BRDA:2269,348,0,0
BRDA:2269,348,1,0
BRDA:2271,349,0,0
BRDA:2271,349,1,0
BRDA:2271,350,0,0
BRDA:2271,350,1,0
BRDA:2272,351,0,0
BRDA:2272,351,1,0
BRDA:2272,352,0,0
BRDA:2272,352,1,0
BRDA:2278,353,0,0
BRDA:2278,353,1,0
BRDA:2290,354,0,0
BRDA:2290,354,1,0
BRDA:2298,355,0,0
BRDA:2298,355,1,0
BRDA:2299,356,0,0
BRDA:2299,356,1,0
BRDA:2300,357,0,0
BRDA:2300,357,1,0
BRDA:2304,358,0,0
BRDA:2304,358,1,0
BRDA:2305,359,0,0
BRDA:2305,359,1,0
BRDA:2307,360,0,0
BRDA:2307,360,1,0
BRDA:2312,361,0,0
BRDA:2312,361,1,0
BRDA:2315,362,0,0
BRDA:2315,362,1,0
BRDA:2323,363,0,0
BRDA:2323,363,1,0
BRDA:2338,364,0,0
BRDA:2338,364,1,0
BRDA:2340,365,0,0
BRDA:2340,365,1,0
BRDA:2341,366,0,0
BRDA:2341,366,1,0
BRDA:2368,367,0,0
BRDA:2368,367,1,0
BRDA:2370,368,0,0
BRDA:2370,368,1,0
BRDA:2371,369,0,0
BRDA:2371,369,1,0
BRF:769
BRH:0
end_of_record
TN:
SF:c:\Users\46885473820\Documents\gitHub\SenaiLessons\C#Web\WebMvc\wwwroot\lib\bootstrap\dist\js\bootstrap.min.js
FN:6,(anonymous_0)
FN:6,(anonymous_1)
FN:6,b
FN:6,(anonymous_3)
FN:6,(anonymous_4)
FN:6,(anonymous_5)
FN:6,(anonymous_6)
FN:6,(anonymous_7)
FN:6,(anonymous_8)
FN:6,b
FN:6,(anonymous_10)
FN:6,(anonymous_11)
FN:6,(anonymous_12)
FN:6,c
FN:6,(anonymous_14)
FN:6,(anonymous_15)
FN:6,b
FN:6,(anonymous_17)
FN:6,(anonymous_18)
FN:6,(anonymous_19)
FN:6,(anonymous_20)
FN:6,(anonymous_21)
FN:6,(anonymous_22)
FN:6,(anonymous_23)
FN:6,(anonymous_24)
FN:6,(anonymous_25)
FN:6,b
FN:6,(anonymous_27)
FN:6,(anonymous_28)
FN:6,(anonymous_29)
FN:6,(anonymous_30)
FN:6,(anonymous_31)
FN:6,(anonymous_32)
FN:6,(anonymous_33)
FN:6,(anonymous_34)
FN:6,(anonymous_35)
FN:6,(anonymous_36)
FN:6,(anonymous_37)
FN:6,(anonymous_38)
FN:6,(anonymous_39)
FN:6,(anonymous_40)
FN:6,(anonymous_41)
FN:6,(anonymous_42)
FN:6,(anonymous_43)
FN:6,(anonymous_44)
FN:6,(anonymous_45)
FN:6,b
FN:6,c
FN:6,(anonymous_48)
FN:6,(anonymous_49)
FN:6,(anonymous_50)
FN:6,(anonymous_51)
FN:6,(anonymous_52)
FN:6,(anonymous_53)
FN:6,(anonymous_54)
FN:6,(anonymous_55)
FN:6,(anonymous_56)
FN:6,(anonymous_57)
FN:6,(anonymous_58)
FN:6,(anonymous_59)
FN:6,(anonymous_60)
FN:6,(anonymous_61)
FN:6,b
FN:6,c
FN:6,(anonymous_64)
FN:6,d
FN:6,(anonymous_66)
FN:6,(anonymous_67)
FN:6,(anonymous_68)
FN:6,(anonymous_69)
FN:6,(anonymous_70)
FN:6,(anonymous_71)
FN:6,(anonymous_72)
FN:6,b
FN:6,(anonymous_74)
FN:6,(anonymous_75)
FN:6,(anonymous_76)
FN:6,(anonymous_77)
FN:6,(anonymous_78)
FN:6,(anonymous_79)
FN:6,(anonymous_80)
FN:6,(anonymous_81)
FN:6,(anonymous_82)
FN:6,(anonymous_83)
FN:6,(anonymous_84)
FN:6,(anonymous_85)
FN:6,(anonymous_86)
FN:6,(anonymous_87)
FN:6,(anonymous_88)
FN:6,(anonymous_89)
FN:6,(anonymous_90)
FN:6,(anonymous_91)
FN:6,(anonymous_92)
FN:6,(anonymous_93)
FN:6,(anonymous_94)
FN:6,(anonymous_95)
FN:6,(anonymous_96)
FN:6,(anonymous_97)
FN:6,(anonymous_98)
FN:6,(anonymous_99)
FN:6,(anonymous_100)
FN:6,(anonymous_101)
FN:6,(anonymous_102)
FN:6,(anonymous_103)
FN:6,(anonymous_104)
FN:6,(anonymous_105)
FN:6,(anonymous_106)
FN:6,b
FN:6,(anonymous_108)
FN:6,(anonymous_109)
FN:6,(anonymous_110)
FN:6,(anonymous_111)
FN:6,(anonymous_112)
FN:6,(anonymous_113)
FN:6,(anonymous_114)
FN:6,(anonymous_115)
FN:6,(anonymous_116)
FN:6,(anonymous_117)
FN:6,(anonymous_118)
FN:6,(anonymous_119)
FN:6,(anonymous_120)
FN:6,(anonymous_121)
FN:6,(anonymous_122)
FN:6,(anonymous_123)
FN:6,(anonymous_124)
FN:6,(anonymous_125)
FN:6,(anonymous_126)
FN:6,d
FN:6,(anonymous_128)
FN:6,(anonymous_129)
FN:6,(anonymous_130)
FN:6,(anonymous_131)
FN:6,(anonymous_132)
FN:6,(anonymous_133)
FN:6,(anonymous_134)
FN:6,(anonymous_135)
FN:6,(anonymous_136)
FN:6,(anonymous_137)
FN:6,(anonymous_138)
FN:6,(anonymous_139)
FN:6,(anonymous_140)
FN:6,(anonymous_141)
FN:6,(anonymous_142)
FN:6,(anonymous_143)
FN:6,(anonymous_144)
FN:6,b
FN:6,(anonymous_146)
FN:6,(anonymous_147)
FN:6,(anonymous_148)
FN:6,(anonymous_149)
FN:6,(anonymous_150)
FN:6,(anonymous_151)
FN:6,(anonymous_152)
FN:6,(anonymous_153)
FN:6,(anonymous_154)
FN:6,b
FN:6,c
FN:6,(anonymous_157)
FN:6,(anonymous_158)
FN:6,(anonymous_159)
FN:6,(anonymous_160)
FN:6,(anonymous_161)
FN:6,(anonymous_162)
FN:6,(anonymous_163)
FN:6,(anonymous_164)
FN:7,(anonymous_165)
FN:7,(anonymous_166)
FN:7,(anonymous_167)
FN:7,(anonymous_168)
FN:7,(anonymous_169)
FN:7,b
FN:7,(anonymous_171)
FN:7,(anonymous_172)
FN:7,(anonymous_173)
FN:7,(anonymous_174)
FN:7,(anonymous_175)
FN:7,f
FN:7,(anonymous_177)
FN:7,(anonymous_178)
FN:7,(anonymous_179)
FN:7,b
FN:7,(anonymous_181)
FN:7,(anonymous_182)
FN:7,(anonymous_183)
FN:7,(anonymous_184)
FN:7,(anonymous_185)
FN:7,(anonymous_186)
FN:7,(anonymous_187)
FN:7,(anonymous_188)
FN:7,(anonymous_189)
FNF:190
FNH:0
FNDA:0,(anonymous_0)
FNDA:0,(anonymous_1)
FNDA:0,b
FNDA:0,(anonymous_3)
FNDA:0,(anonymous_4)
FNDA:0,(anonymous_5)
FNDA:0,(anonymous_6)
FNDA:0,(anonymous_7)
FNDA:0,(anonymous_8)
FNDA:0,b
FNDA:0,(anonymous_10)
FNDA:0,(anonymous_11)
FNDA:0,(anonymous_12)
FNDA:0,c
FNDA:0,(anonymous_14)
FNDA:0,(anonymous_15)
FNDA:0,b
FNDA:0,(anonymous_17)
FNDA:0,(anonymous_18)
FNDA:0,(anonymous_19)
FNDA:0,(anonymous_20)
FNDA:0,(anonymous_21)
FNDA:0,(anonymous_22)
FNDA:0,(anonymous_23)
FNDA:0,(anonymous_24)
FNDA:0,(anonymous_25)
FNDA:0,b
FNDA:0,(anonymous_27)
FNDA:0,(anonymous_28)
FNDA:0,(anonymous_29)
FNDA:0,(anonymous_30)
FNDA:0,(anonymous_31)
FNDA:0,(anonymous_32)
FNDA:0,(anonymous_33)
FNDA:0,(anonymous_34)
FNDA:0,(anonymous_35)
FNDA:0,(anonymous_36)
FNDA:0,(anonymous_37)
FNDA:0,(anonymous_38)
FNDA:0,(anonymous_39)
FNDA:0,(anonymous_40)
FNDA:0,(anonymous_41)
FNDA:0,(anonymous_42)
FNDA:0,(anonymous_43)
FNDA:0,(anonymous_44)
FNDA:0,(anonymous_45)
FNDA:0,b
FNDA:0,c
FNDA:0,(anonymous_48)
FNDA:0,(anonymous_49)
FNDA:0,(anonymous_50)
FNDA:0,(anonymous_51)
FNDA:0,(anonymous_52)
FNDA:0,(anonymous_53)
FNDA:0,(anonymous_54)
FNDA:0,(anonymous_55)
FNDA:0,(anonymous_56)
FNDA:0,(anonymous_57)
FNDA:0,(anonymous_58)
FNDA:0,(anonymous_59)
FNDA:0,(anonymous_60)
FNDA:0,(anonymous_61)
FNDA:0,b
FNDA:0,c
FNDA:0,(anonymous_64)
FNDA:0,d
FNDA:0,(anonymous_66)
FNDA:0,(anonymous_67)
FNDA:0,(anonymous_68)
FNDA:0,(anonymous_69)
FNDA:0,(anonymous_70)
FNDA:0,(anonymous_71)
FNDA:0,(anonymous_72)
FNDA:0,b
FNDA:0,(anonymous_74)
FNDA:0,(anonymous_75)
FNDA:0,(anonymous_76)
FNDA:0,(anonymous_77)
FNDA:0,(anonymous_78)
FNDA:0,(anonymous_79)
FNDA:0,(anonymous_80)
FNDA:0,(anonymous_81)
FNDA:0,(anonymous_82)
FNDA:0,(anonymous_83)
FNDA:0,(anonymous_84)
FNDA:0,(anonymous_85)
FNDA:0,(anonymous_86)
FNDA:0,(anonymous_87)
FNDA:0,(anonymous_88)
FNDA:0,(anonymous_89)
FNDA:0,(anonymous_90)
FNDA:0,(anonymous_91)
FNDA:0,(anonymous_92)
FNDA:0,(anonymous_93)
FNDA:0,(anonymous_94)
FNDA:0,(anonymous_95)
FNDA:0,(anonymous_96)
FNDA:0,(anonymous_97)
FNDA:0,(anonymous_98)
FNDA:0,(anonymous_99)
FNDA:0,(anonymous_100)
FNDA:0,(anonymous_101)
FNDA:0,(anonymous_102)
FNDA:0,(anonymous_103)
FNDA:0,(anonymous_104)
FNDA:0,(anonymous_105)
FNDA:0,(anonymous_106)
FNDA:0,b
FNDA:0,(anonymous_108)
FNDA:0,(anonymous_109)
FNDA:0,(anonymous_110)
FNDA:0,(anonymous_111)
FNDA:0,(anonymous_112)
FNDA:0,(anonymous_113)
FNDA:0,(anonymous_114)
FNDA:0,(anonymous_115)
FNDA:0,(anonymous_116)
FNDA:0,(anonymous_117)
FNDA:0,(anonymous_118)
FNDA:0,(anonymous_119)
FNDA:0,(anonymous_120)
FNDA:0,(anonymous_121)
FNDA:0,(anonymous_122)
FNDA:0,(anonymous_123)
FNDA:0,(anonymous_124)
FNDA:0,(anonymous_125)
FNDA:0,(anonymous_126)
FNDA:0,d
FNDA:0,(anonymous_128)
FNDA:0,(anonymous_129)
FNDA:0,(anonymous_130)
FNDA:0,(anonymous_131)
FNDA:0,(anonymous_132)
FNDA:0,(anonymous_133)
FNDA:0,(anonymous_134)
FNDA:0,(anonymous_135)
FNDA:0,(anonymous_136)
FNDA:0,(anonymous_137)
FNDA:0,(anonymous_138)
FNDA:0,(anonymous_139)
FNDA:0,(anonymous_140)
FNDA:0,(anonymous_141)
FNDA:0,(anonymous_142)
FNDA:0,(anonymous_143)
FNDA:0,(anonymous_144)
FNDA:0,b
FNDA:0,(anonymous_146)
FNDA:0,(anonymous_147)
FNDA:0,(anonymous_148)
FNDA:0,(anonymous_149)
FNDA:0,(anonymous_150)
FNDA:0,(anonymous_151)
FNDA:0,(anonymous_152)
FNDA:0,(anonymous_153)
FNDA:0,(anonymous_154)
FNDA:0,b
FNDA:0,c
FNDA:0,(anonymous_157)
FNDA:0,(anonymous_158)
FNDA:0,(anonymous_159)
FNDA:0,(anonymous_160)
FNDA:0,(anonymous_161)
FNDA:0,(anonymous_162)
FNDA:0,(anonymous_163)
FNDA:0,(anonymous_164)
FNDA:0,(anonymous_165)
FNDA:0,(anonymous_166)
FNDA:0,(anonymous_167)
FNDA:0,(anonymous_168)
FNDA:0,(anonymous_169)
FNDA:0,b
FNDA:0,(anonymous_171)
FNDA:0,(anonymous_172)
FNDA:0,(anonymous_173)
FNDA:0,(anonymous_174)
FNDA:0,(anonymous_175)
FNDA:0,f
FNDA:0,(anonymous_177)
FNDA:0,(anonymous_178)
FNDA:0,(anonymous_179)
FNDA:0,b
FNDA:0,(anonymous_181)
FNDA:0,(anonymous_182)
FNDA:0,(anonymous_183)
FNDA:0,(anonymous_184)
FNDA:0,(anonymous_185)
FNDA:0,(anonymous_186)
FNDA:0,(anonymous_187)
FNDA:0,(anonymous_188)
FNDA:0,(anonymous_189)
DA:6,0
DA:7,0
LF:2
LH:0
BRDA:6,0,0,0
BRDA:6,0,1,0
BRDA:6,1,0,0
BRDA:6,1,1,0
BRDA:6,2,0,0
BRDA:6,2,1,0
BRDA:6,2,2,0
BRDA:6,2,3,0
BRDA:6,2,4,0
BRDA:6,2,5,0
BRDA:6,3,0,0
BRDA:6,3,1,0
BRDA:6,4,0,0
BRDA:6,4,1,0
BRDA:6,5,0,0
BRDA:6,5,1,0
BRDA:6,6,0,0
BRDA:6,6,1,0
BRDA:6,7,0,0
BRDA:6,7,1,0
BRDA:6,8,0,0
BRDA:6,8,1,0
BRDA:6,9,0,0
BRDA:6,9,1,0
BRDA:6,10,0,0
BRDA:6,10,1,0
BRDA:6,11,0,0
BRDA:6,11,1,0
BRDA:6,12,0,0
BRDA:6,12,1,0
BRDA:6,13,0,0
BRDA:6,13,1,0
BRDA:6,14,0,0
BRDA:6,14,1,0
BRDA:6,15,0,0
BRDA:6,15,1,0
BRDA:6,16,0,0
BRDA:6,16,1,0
BRDA:6,17,0,0
BRDA:6,17,1,0
BRDA:6,18,0,0
BRDA:6,18,1,0
BRDA:6,19,0,0
BRDA:6,19,1,0
BRDA:6,20,0,0
BRDA:6,20,1,0
BRDA:6,21,0,0
BRDA:6,21,1,0
BRDA:6,22,0,0
BRDA:6,22,1,0
BRDA:6,23,0,0
BRDA:6,23,1,0
BRDA:6,24,0,0
BRDA:6,24,1,0
BRDA:6,25,0,0
BRDA:6,25,1,0
BRDA:6,26,0,0
BRDA:6,26,1,0
BRDA:6,27,0,0
BRDA:6,27,1,0
BRDA:6,28,0,0
BRDA:6,28,1,0
BRDA:6,29,0,0
BRDA:6,29,1,0
BRDA:6,30,0,0
BRDA:6,30,1,0
BRDA:6,31,0,0
BRDA:6,31,1,0
BRDA:6,32,0,0
BRDA:6,32,1,0
BRDA:6,33,0,0
BRDA:6,33,1,0
BRDA:6,34,0,0
BRDA:6,34,1,0
BRDA:6,35,0,0
BRDA:6,35,1,0
BRDA:6,36,0,0
BRDA:6,36,1,0
BRDA:6,37,0,0
BRDA:6,37,1,0
BRDA:6,38,0,0
BRDA:6,38,1,0
BRDA:6,39,0,0
BRDA:6,39,1,0
BRDA:6,40,0,0
BRDA:6,40,1,0
BRDA:6,41,0,0
BRDA:6,41,1,0
BRDA:6,41,2,0
BRDA:6,42,0,0
BRDA:6,42,1,0
BRDA:6,43,0,0
BRDA:6,43,1,0
BRDA:6,43,2,0
BRDA:6,44,0,0
BRDA:6,44,1,0
BRDA:6,45,0,0
BRDA:6,45,1,0
BRDA:6,46,0,0
BRDA:6,46,1,0
BRDA:6,46,2,0
BRDA:6,47,0,0
BRDA:6,47,1,0
BRDA:6,48,0,0
BRDA:6,48,1,0
BRDA:6,48,2,0
BRDA:6,48,3,0
BRDA:6,49,0,0
BRDA:6,49,1,0
BRDA:6,50,0,0
BRDA:6,50,1,0
BRDA:6,51,0,0
BRDA:6,51,1,0
BRDA:6,52,0,0
BRDA:6,52,1,0
BRDA:6,53,0,0
BRDA:6,53,1,0
BRDA:6,54,0,0
BRDA:6,54,1,0
BRDA:6,55,0,0
BRDA:6,55,1,0
BRDA:6,56,0,0
BRDA:6,56,1,0
BRDA:6,57,0,0
BRDA:6,57,1,0
BRDA:6,58,0,0
BRDA:6,58,1,0
BRDA:6,58,2,0
BRDA:6,59,0,0
BRDA:6,59,1,0
BRDA:6,60,0,0
BRDA:6,60,1,0
BRDA:6,61,0,0
BRDA:6,61,1,0
BRDA:6,62,0,0
BRDA:6,62,1,0
BRDA:6,63,0,0
BRDA:6,63,1,0
BRDA:6,64,0,0
BRDA:6,64,1,0
BRDA:6,65,0,0
BRDA:6,65,1,0
BRDA:6,66,0,0
BRDA:6,66,1,0
BRDA:6,67,0,0
BRDA:6,67,1,0
BRDA:6,68,0,0
BRDA:6,68,1,0
BRDA:6,69,0,0
BRDA:6,69,1,0
BRDA:6,70,0,0
BRDA:6,70,1,0
BRDA:6,71,0,0
BRDA:6,71,1,0
BRDA:6,71,2,0
BRDA:6,72,0,0
BRDA:6,72,1,0
BRDA:6,73,0,0
BRDA:6,73,1,0
BRDA:6,74,0,0
BRDA:6,74,1,0
BRDA:6,75,0,0
BRDA:6,75,1,0
BRDA:6,75,2,0
BRDA:6,76,0,0
BRDA:6,76,1,0
BRDA:6,77,0,0
BRDA:6,77,1,0
BRDA:6,77,2,0
BRDA:6,77,3,0
BRDA:6,78,0,0
BRDA:6,78,1,0
BRDA:6,79,0,0
BRDA:6,79,1,0
BRDA:6,80,0,0
BRDA:6,80,1,0
BRDA:6,81,0,0
BRDA:6,81,1,0
BRDA:6,82,0,0
BRDA:6,82,1,0
BRDA:6,83,0,0
BRDA:6,83,1,0
BRDA:6,84,0,0
BRDA:6,84,1,0
BRDA:6,85,0,0
BRDA:6,85,1,0
BRDA:6,86,0,0
BRDA:6,86,1,0
BRDA:6,87,0,0
BRDA:6,87,1,0
BRDA:6,87,2,0
BRDA:6,88,0,0
BRDA:6,88,1,0
BRDA:6,89,0,0
BRDA:6,89,1,0
BRDA:6,90,0,0
BRDA:6,90,1,0
BRDA:6,90,2,0
BRDA:6,91,0,0
BRDA:6,91,1,0
BRDA:6,92,0,0
BRDA:6,92,1,0
BRDA:6,93,0,0
BRDA:6,93,1,0
BRDA:6,94,0,0
BRDA:6,94,1,0
BRDA:6,95,0,0
BRDA:6,95,1,0
BRDA:6,96,0,0
BRDA:6,96,1,0
BRDA:6,97,0,0
BRDA:6,97,1,0
BRDA:6,98,0,0
BRDA:6,98,1,0
BRDA:6,99,0,0
BRDA:6,99,1,0
BRDA:6,100,0,0
BRDA:6,100,1,0
BRDA:6,101,0,0
BRDA:6,101,1,0
BRDA:6,101,2,0
BRDA:6,102,0,0
BRDA:6,102,1,0
BRDA:6,103,0,0
BRDA:6,103,1,0
BRDA:6,104,0,0
BRDA:6,104,1,0
BRDA:6,105,0,0
BRDA:6,105,1,0
BRDA:6,105,2,0
BRDA:6,106,0,0
BRDA:6,106,1,0
BRDA:6,106,2,0
BRDA:6,106,3,0
BRDA:6,106,4,0
BRDA:6,106,5,0
BRDA:6,107,0,0
BRDA:6,107,1,0
BRDA:6,108,0,0
BRDA:6,108,1,0
BRDA:6,109,0,0
BRDA:6,109,1,0
BRDA:6,110,0,0
BRDA:6,110,1,0
BRDA:6,111,0,0
BRDA:6,111,1,0
BRDA:6,112,0,0
BRDA:6,112,1,0
BRDA:6,112,2,0
BRDA:6,113,0,0
BRDA:6,113,1,0
BRDA:6,114,0,0
BRDA:6,114,1,0
BRDA:6,115,0,0
BRDA:6,115,1,0
BRDA:6,116,0,0
BRDA:6,116,1,0
BRDA:6,117,0,0
BRDA:6,117,1,0
BRDA:6,118,0,0
BRDA:6,118,1,0
BRDA:6,118,2,0
BRDA:6,118,3,0
BRDA:6,119,0,0
BRDA:6,119,1,0
BRDA:6,120,0,0
BRDA:6,120,1,0
BRDA:6,121,0,0
BRDA:6,121,1,0
BRDA:6,121,2,0
BRDA:6,122,0,0
BRDA:6,122,1,0
BRDA:6,122,2,0
BRDA:6,123,0,0
BRDA:6,123,1,0
BRDA:6,124,0,0
BRDA:6,124,1,0
BRDA:6,125,0,0
BRDA:6,125,1,0
BRDA:6,126,0,0
BRDA:6,126,1,0
BRDA:6,127,0,0
BRDA:6,127,1,0
BRDA:6,128,0,0
BRDA:6,128,1,0
BRDA:6,129,0,0
BRDA:6,129,1,0
BRDA:6,130,0,0
BRDA:6,130,1,0
BRDA:6,130,2,0
BRDA:6,131,0,0
BRDA:6,131,1,0
BRDA:6,132,0,0
BRDA:6,132,1,0
BRDA:6,133,0,0
BRDA:6,133,1,0
BRDA:6,134,0,0
BRDA:6,134,1,0
BRDA:6,135,0,0
BRDA:6,135,1,0
BRDA:6,136,0,0
BRDA:6,136,1,0
BRDA:6,137,0,0
BRDA:6,137,1,0
BRDA:6,137,2,0
BRDA:6,138,0,0
BRDA:6,138,1,0
BRDA:6,139,0,0
BRDA:6,139,1,0
BRDA:6,140,0,0
BRDA:6,140,1,0
BRDA:6,140,2,0
BRDA:6,140,3,0
BRDA:6,141,0,0
BRDA:6,141,1,0
BRDA:6,142,0,0
BRDA:6,142,1,0
BRDA:6,143,0,0
BRDA:6,143,1,0
BRDA:6,144,0,0
BRDA:6,144,1,0
BRDA:6,145,0,0
BRDA:6,145,1,0
BRDA:6,146,0,0
BRDA:6,146,1,0
BRDA:6,147,0,0
BRDA:6,147,1,0
BRDA:6,148,0,0
BRDA:6,148,1,0
BRDA:6,149,0,0
BRDA:6,149,1,0
BRDA:6,150,0,0
BRDA:6,150,1,0
BRDA:6,151,0,0
BRDA:6,151,1,0
BRDA:6,152,0,0
BRDA:6,152,1,0
BRDA:6,153,0,0
BRDA:6,153,1,0
BRDA:6,154,0,0
BRDA:6,154,1,0
BRDA:6,155,0,0
BRDA:6,155,1,0
BRDA:6,156,0,0
BRDA:6,156,1,0
BRDA:6,157,0,0
BRDA:6,157,1,0
BRDA:6,158,0,0
BRDA:6,158,1,0
BRDA:6,159,0,0
BRDA:6,159,1,0
BRDA:6,160,0,0
BRDA:6,160,1,0
BRDA:6,161,0,0
BRDA:6,161,1,0
BRDA:6,162,0,0
BRDA:6,162,1,0
BRDA:6,163,0,0
BRDA:6,163,1,0
BRDA:6,164,0,0
BRDA:6,164,1,0
BRDA:6,165,0,0
BRDA:6,165,1,0
BRDA:6,166,0,0
BRDA:6,166,1,0
BRDA:6,167,0,0
BRDA:6,167,1,0
BRDA:6,168,0,0
BRDA:6,168,1,0
BRDA:6,169,0,0
BRDA:6,169,1,0
BRDA:6,170,0,0
BRDA:6,170,1,0
BRDA:6,171,0,0
BRDA:6,171,1,0
BRDA:6,171,2,0
BRDA:6,172,0,0
BRDA:6,172,1,0
BRDA:6,173,0,0
BRDA:6,173,1,0
BRDA:6,174,0,0
BRDA:6,174,1,0
BRDA:6,175,0,0
BRDA:6,175,1,0
BRDA:6,176,0,0
BRDA:6,176,1,0
BRDA:6,177,0,0
BRDA:6,177,1,0
BRDA:6,178,0,0
BRDA:6,178,1,0
BRDA:6,178,2,0
BRDA:6,179,0,0
BRDA:6,179,1,0
BRDA:6,180,0,0
BRDA:6,180,1,0
BRDA:6,181,0,0
BRDA:6,181,1,0
BRDA:6,182,0,0
BRDA:6,182,1,0
BRDA:6,183,0,0
BRDA:6,183,1,0
BRDA:6,184,0,0
BRDA:6,184,1,0
BRDA:6,185,0,0
BRDA:6,185,1,0
BRDA:6,186,0,0
BRDA:6,186,1,0
BRDA:6,187,0,0
BRDA:6,187,1,0
BRDA:6,188,0,0
BRDA:6,188,1,0
BRDA:6,189,0,0
BRDA:6,189,1,0
BRDA:6,190,0,0
BRDA:6,190,1,0
BRDA:6,191,0,0
BRDA:6,191,1,0
BRDA:6,191,2,0
BRDA:6,192,0,0
BRDA:6,192,1,0
BRDA:6,193,0,0
BRDA:6,193,1,0
BRDA:6,194,0,0
BRDA:6,194,1,0
BRDA:6,195,0,0
BRDA:6,195,1,0
BRDA:6,196,0,0
BRDA:6,196,1,0
BRDA:6,197,0,0
BRDA:6,197,1,0
BRDA:6,198,0,0
BRDA:6,198,1,0
BRDA:6,199,0,0
BRDA:6,199,1,0
BRDA:6,200,0,0
BRDA:6,200,1,0
BRDA:6,201,0,0
BRDA:6,201,1,0
BRDA:6,202,0,0
BRDA:6,202,1,0
BRDA:6,203,0,0
BRDA:6,203,1,0
BRDA:6,204,0,0
BRDA:6,204,1,0
BRDA:6,205,0,0
BRDA:6,205,1,0
BRDA:6,206,0,0
BRDA:6,206,1,0
BRDA:6,207,0,0
BRDA:6,207,1,0
BRDA:6,208,0,0
BRDA:6,208,1,0
BRDA:6,209,0,0
BRDA:6,209,1,0
BRDA:6,210,0,0
BRDA:6,210,1,0
BRDA:6,211,0,0
BRDA:6,211,1,0
BRDA:6,212,0,0
BRDA:6,212,1,0
BRDA:6,213,0,0
BRDA:6,213,1,0
BRDA:6,214,0,0
BRDA:6,214,1,0
BRDA:6,215,0,0
BRDA:6,215,1,0
BRDA:6,216,0,0
BRDA:6,216,1,0
BRDA:6,217,0,0
BRDA:6,217,1,0
BRDA:6,218,0,0
BRDA:6,218,1,0
BRDA:6,219,0,0
BRDA:6,219,1,0
BRDA:6,220,0,0
BRDA:6,220,1,0
BRDA:6,221,0,0
BRDA:6,221,1,0
BRDA:6,222,0,0
BRDA:6,222,1,0
BRDA:6,223,0,0
BRDA:6,223,1,0
BRDA:6,224,0,0
BRDA:6,224,1,0
BRDA:6,225,0,0
BRDA:6,225,1,0
BRDA:6,226,0,0
BRDA:6,226,1,0
BRDA:6,227,0,0
BRDA:6,227,1,0
BRDA:6,228,0,0
BRDA:6,228,1,0
BRDA:6,229,0,0
BRDA:6,229,1,0
BRDA:6,230,0,0
BRDA:6,230,1,0
BRDA:6,231,0,0
BRDA:6,231,1,0
BRDA:6,232,0,0
BRDA:6,232,1,0
BRDA:6,233,0,0
BRDA:6,233,1,0
BRDA:6,234,0,0
BRDA:6,234,1,0
BRDA:6,235,0,0
BRDA:6,235,1,0
BRDA:6,235,2,0
BRDA:6,236,0,0
BRDA:6,236,1,0
BRDA:6,237,0,0
BRDA:6,237,1,0
BRDA:6,238,0,0
BRDA:6,238,1,0
BRDA:6,239,0,0
BRDA:6,239,1,0
BRDA:6,240,0,0
BRDA:6,240,1,0
BRDA:6,241,0,0
BRDA:6,241,1,0
BRDA:6,242,0,0
BRDA:6,242,1,0
BRDA:6,243,0,0
BRDA:6,243,1,0
BRDA:6,244,0,0
BRDA:6,244,1,0
BRDA:6,245,0,0
BRDA:6,245,1,0
BRDA:6,246,0,0
BRDA:6,246,1,0
BRDA:6,247,0,0
BRDA:6,247,1,0
BRDA:6,248,0,0
BRDA:6,248,1,0
BRDA:6,248,2,0
BRDA:6,249,0,0
BRDA:6,249,1,0
BRDA:6,250,0,0
BRDA:6,250,1,0
BRDA:6,251,0,0
BRDA:6,251,1,0
BRDA:6,252,0,0
BRDA:6,252,1,0
BRDA:6,253,0,0
BRDA:6,253,1,0
BRDA:6,254,0,0
BRDA:6,254,1,0
BRDA:6,255,0,0
BRDA:6,255,1,0
BRDA:6,256,0,0
BRDA:6,256,1,0
BRDA:6,257,0,0
BRDA:6,257,1,0
BRDA:6,258,0,0
BRDA:6,258,1,0
BRDA:6,259,0,0
BRDA:6,259,1,0
BRDA:6,260,0,0
BRDA:6,260,1,0
BRDA:6,261,0,0
BRDA:6,261,1,0
BRDA:6,262,0,0
BRDA:6,262,1,0
BRDA:6,262,2,0
BRDA:6,263,0,0
BRDA:6,263,1,0
BRDA:6,264,0,0
BRDA:6,264,1,0
BRDA:6,265,0,0
BRDA:6,265,1,0
BRDA:6,266,0,0
BRDA:6,266,1,0
BRDA:6,267,0,0
BRDA:6,267,1,0
BRDA:6,268,0,0
BRDA:6,268,1,0
BRDA:6,269,0,0
BRDA:6,269,1,0
BRDA:6,270,0,0
BRDA:6,270,1,0
BRDA:6,271,0,0
BRDA:6,271,1,0
BRDA:6,272,0,0
BRDA:6,272,1,0
BRDA:6,273,0,0
BRDA:6,273,1,0
BRDA:6,274,0,0
BRDA:6,274,1,0
BRDA:6,275,0,0
BRDA:6,275,1,0
BRDA:6,276,0,0
BRDA:6,276,1,0
BRDA:6,277,0,0
BRDA:6,277,1,0
BRDA:6,278,0,0
BRDA:6,278,1,0
BRDA:6,279,0,0
BRDA:6,279,1,0
BRDA:6,280,0,0
BRDA:6,280,1,0
BRDA:6,280,2,0
BRDA:6,281,0,0
BRDA:6,281,1,0
BRDA:6,282,0,0
BRDA:6,282,1,0
BRDA:6,283,0,0
BRDA:6,283,1,0
BRDA:6,284,0,0
BRDA:6,284,1,0
BRDA:6,285,0,0
BRDA:6,285,1,0
BRDA:6,286,0,0
BRDA:6,286,1,0
BRDA:6,287,0,0
BRDA:6,287,1,0
BRDA:6,288,0,0
BRDA:6,288,1,0
BRDA:6,289,0,0
BRDA:6,289,1,0
BRDA:6,290,0,0
BRDA:6,290,1,0
BRDA:6,291,0,0
BRDA:6,291,1,0
BRDA:6,292,0,0
BRDA:6,292,1,0
BRDA:6,293,0,0
BRDA:6,293,1,0
BRDA:6,294,0,0
BRDA:6,294,1,0
BRDA:6,295,0,0
BRDA:6,295,1,0
BRDA:6,296,0,0
BRDA:6,296,1,0
BRDA:6,297,0,0
BRDA:6,297,1,0
BRDA:6,298,0,0
BRDA:6,298,1,0
BRDA:6,299,0,0
BRDA:6,299,1,0
BRDA:6,300,0,0
BRDA:6,300,1,0
BRDA:6,301,0,0
BRDA:6,301,1,0
BRDA:6,301,2,0
BRDA:6,301,3,0
BRDA:6,301,4,0
BRDA:6,302,0,0
BRDA:6,302,1,0
BRDA:6,303,0,0
BRDA:6,303,1,0
BRDA:6,304,0,0
BRDA:6,304,1,0
BRDA:6,305,0,0
BRDA:6,305,1,0
BRDA:6,306,0,0
BRDA:6,306,1,0
BRDA:6,307,0,0
BRDA:6,307,1,0
BRDA:6,307,2,0
BRDA:6,307,3,0
BRDA:6,307,4,0
BRDA:7,308,0,0
BRDA:7,308,1,0
BRDA:7,309,0,0
BRDA:7,309,1,0
BRDA:7,310,0,0
BRDA:7,310,1,0
BRDA:7,311,0,0
BRDA:7,311,1,0
BRDA:7,312,0,0
BRDA:7,312,1,0
BRDA:7,313,0,0
BRDA:7,313,1,0
BRDA:7,314,0,0
BRDA:7,314,1,0
BRDA:7,315,0,0
BRDA:7,315,1,0
BRDA:7,316,0,0
BRDA:7,316,1,0
BRDA:7,317,0,0
BRDA:7,317,1,0
BRDA:7,318,0,0
BRDA:7,318,1,0
BRDA:7,319,0,0
BRDA:7,319,1,0
BRDA:7,319,2,0
BRDA:7,319,3,0
BRDA:7,319,4,0
BRDA:7,320,0,0
BRDA:7,320,1,0
BRDA:7,321,0,0
BRDA:7,321,1,0
BRDA:7,322,0,0
BRDA:7,322,1,0
BRDA:7,323,0,0
BRDA:7,323,1,0
BRDA:7,324,0,0
BRDA:7,324,1,0
BRDA:7,325,0,0
BRDA:7,325,1,0
BRDA:7,326,0,0
BRDA:7,326,1,0
BRDA:7,327,0,0
BRDA:7,327,1,0
BRDA:7,328,0,0
BRDA:7,328,1,0
BRDA:7,329,0,0
BRDA:7,329,1,0
BRDA:7,330,0,0
BRDA:7,330,1,0
BRDA:7,331,0,0
BRDA:7,331,1,0
BRDA:7,332,0,0
BRDA:7,332,1,0
BRDA:7,333,0,0
BRDA:7,333,1,0
BRDA:7,334,0,0
BRDA:7,334,1,0
BRDA:7,335,0,0
BRDA:7,335,1,0
BRDA:7,336,0,0
BRDA:7,336,1,0
BRDA:7,336,2,0
BRDA:7,337,0,0
BRDA:7,337,1,0
BRDA:7,338,0,0
BRDA:7,338,1,0
BRDA:7,339,0,0
BRDA:7,339,1,0
BRDA:7,340,0,0
BRDA:7,340,1,0
BRDA:7,341,0,0
BRDA:7,341,1,0
BRDA:7,342,0,0
BRDA:7,342,1,0
BRDA:7,343,0,0
BRDA:7,343,1,0
BRDA:7,344,0,0
BRDA:7,344,1,0
BRDA:7,345,0,0
BRDA:7,345,1,0
BRDA:7,346,0,0
BRDA:7,346,1,0
BRDA:7,347,0,0
BRDA:7,347,1,0
BRDA:7,348,0,0
BRDA:7,348,1,0
BRDA:7,349,0,0
BRDA:7,349,1,0
BRDA:7,350,0,0
BRDA:7,350,1,0
BRF:750
BRH:0
end_of_record
TN:
SF:c:\Users\46885473820\Documents\gitHub\SenaiLessons\C#Web\WebMvc\wwwroot\lib\bootstrap\dist\js\npm.js
FNF:0
FNH:0
DA:2,0
DA:3,0
DA:4,0
DA:5,0
DA:6,0
DA:7,0
DA:8,0
DA:9,0
DA:10,0
DA:11,0
DA:12,0
DA:13,0
LF:12
LH:0
BRF:0
BRH:0
end_of_record
TN:
SF:c:\Users\46885473820\Documents\gitHub\SenaiLessons\C#Web\WebMvc\wwwroot\lib\jquery-validation-unobtrusive\jquery.validate.unobtrusive.js
FN:8,(anonymous_0)
FN:19,(anonymous_1)
FN:24,setValidationValues
FN:31,splitAndTrim
FN:35,escapeAttributeValue
FN:40,getModelPrefix
FN:44,appendModelPrefix
FN:51,onError
FN:68,onErrors
FN:76,(anonymous_9)
FN:82,onSuccess
FN:98,onReset
FN:123,validationInfo
FN:128,(anonymous_13)
FN:138,(anonymous_14)
FN:142,(anonymous_15)
FN:148,(anonymous_16)
FN:153,(anonymous_17)
FN:159,(anonymous_18)
FN:173,(anonymous_19)
FN:194,(anonymous_20)
FN:202,(anonymous_21)
FN:224,(anonymous_22)
FN:241,(anonymous_23)
FN:245,(anonymous_24)
FN:256,(anonymous_25)
FN:274,(anonymous_26)
FN:282,(anonymous_27)
FN:287,(anonymous_28)
FN:304,(anonymous_29)
FN:320,(anonymous_30)
FN:330,(anonymous_31)
FN:335,(anonymous_32)
FN:339,(anonymous_33)
FN:349,(anonymous_34)
FN:372,(anonymous_35)
FN:380,(anonymous_36)
FN:386,(anonymous_37)
FN:394,(anonymous_38)
FN:396,(anonymous_39)
FN:411,(anonymous_40)
FN:422,(anonymous_41)
FN:426,(anonymous_42)
FNF:43
FNH:0
FNDA:0,(anonymous_0)
FNDA:0,(anonymous_1)
FNDA:0,setValidationValues
FNDA:0,splitAndTrim
FNDA:0,escapeAttributeValue
FNDA:0,getModelPrefix
FNDA:0,appendModelPrefix
FNDA:0,onError
FNDA:0,onErrors
FNDA:0,(anonymous_9)
FNDA:0,onSuccess
FNDA:0,onReset
FNDA:0,validationInfo
FNDA:0,(anonymous_13)
FNDA:0,(anonymous_14)
FNDA:0,(anonymous_15)
FNDA:0,(anonymous_16)
FNDA:0,(anonymous_17)
FNDA:0,(anonymous_18)
FNDA:0,(anonymous_19)
FNDA:0,(anonymous_20)
FNDA:0,(anonymous_21)
FNDA:0,(anonymous_22)
FNDA:0,(anonymous_23)
FNDA:0,(anonymous_24)
FNDA:0,(anonymous_25)
FNDA:0,(anonymous_26)
FNDA:0,(anonymous_27)
FNDA:0,(anonymous_28)
FNDA:0,(anonymous_29)
FNDA:0,(anonymous_30)
FNDA:0,(anonymous_31)
FNDA:0,(anonymous_32)
FNDA:0,(anonymous_33)
FNDA:0,(anonymous_34)
FNDA:0,(anonymous_35)
FNDA:0,(anonymous_36)
FNDA:0,(anonymous_37)
FNDA:0,(anonymous_38)
FNDA:0,(anonymous_39)
FNDA:0,(anonymous_40)
FNDA:0,(anonymous_41)
FNDA:0,(anonymous_42)
DA:8,0
DA:9,0
DA:11,0
DA:12,0
DA:14,0
DA:17,0
DA:20,0
DA:22,0
DA:25,0
DA:26,0
DA:27,0
DA:32,0
DA:37,0
DA:41,0
DA:45,0
DA:46,0
DA:48,0
DA:52,0
DA:53,0
DA:54,0
DA:56,0
DA:57,0
DA:59,0
DA:60,0
DA:61,0
DA:64,0
DA:69,0
DA:70,0
DA:72,0
DA:73,0
DA:74,0
DA:76,0
DA:77,0
DA:83,0
DA:85,0
DA:86,0
DA:87,0
DA:89,0
DA:90,0
DA:92,0
DA:93,0
DA:99,0
DA:100,0
DA:101,0
DA:102,0
DA:105,0
DA:106,0
DA:107,0
DA:109,0
DA:112,0
DA:115,0
DA:124,0
DA:125,0
DA:126,0
DA:127,0
DA:128,0
DA:129,0
DA:130,0
DA:133,0
DA:134,0
DA:139,0
DA:140,0
DA:143,0
DA:144,0
DA:149,0
DA:150,0
DA:154,0
DA:160,0
DA:161,0
DA:164,0
DA:167,0
DA:170,0
DA:182,0
DA:183,0
DA:186,0
DA:187,0
DA:190,0
DA:191,0
DA:192,0
DA:194,0
DA:195,0
DA:196,0
DA:197,0
DA:199,0
DA:200,0
DA:202,0
DA:203,0
DA:206,0
DA:217,0
DA:219,0
DA:220,0
DA:234,0
DA:235,0
DA:241,0
DA:242,0
DA:245,0
DA:246,0
DA:247,0
DA:248,0
DA:254,0
DA:256,0
DA:266,0
DA:267,0
DA:268,0
DA:270,0
DA:271,0
DA:274,0
DA:282,0
DA:283,0
DA:287,0
DA:304,0
DA:305,0
DA:306,0
DA:308,0
DA:309,0
DA:311,0
DA:312,0
DA:314,0
DA:315,0
DA:320,0
DA:330,0
DA:331,0
DA:335,0
DA:336,0
DA:339,0
DA:341,0
DA:342,0
DA:345,0
DA:346,0
DA:349,0
DA:351,0
DA:352,0
DA:353,0
DA:355,0
DA:358,0
DA:359,0
DA:360,0
DA:365,0
DA:368,0
DA:369,0
DA:370,0
DA:371,0
DA:372,0
DA:373,0
DA:374,0
DA:375,0
DA:376,0
DA:378,0
DA:380,0
DA:382,0
DA:383,0
DA:386,0
DA:387,0
DA:392,0
DA:394,0
DA:395,0
DA:396,0
DA:397,0
DA:399,0
DA:400,0
DA:402,0
DA:403,0
DA:405,0
DA:409,0
DA:411,0
DA:412,0
DA:413,0
DA:415,0
DA:416,0
DA:418,0
DA:419,0
DA:422,0
DA:423,0
DA:426,0
DA:427,0
DA:430,0
LF:176
LH:0
BRDA:9,0,0,0
BRDA:9,0,1,0
BRDA:9,1,0,0
BRDA:9,1,1,0
BRDA:12,2,0,0
BRDA:12,2,1,0
BRDA:12,3,0,0
BRDA:12,3,1,0
BRDA:26,4,0,0
BRDA:26,4,1,0
BRDA:45,5,0,0
BRDA:45,5,1,0
BRDA:54,6,0,0
BRDA:54,6,1,0
BRDA:59,7,0,0
BRDA:59,7,1,0
BRDA:72,8,0,0
BRDA:72,8,1,0
BRDA:72,9,0,0
BRDA:72,9,1,0
BRDA:72,9,2,0
BRDA:85,10,0,0
BRDA:85,10,1,0
BRDA:87,11,0,0
BRDA:87,11,1,0
BRDA:92,12,0,0
BRDA:92,12,1,0
BRDA:101,13,0,0
BRDA:101,13,1,0
BRDA:127,14,0,0
BRDA:127,14,1,0
BRDA:130,15,0,0
BRDA:130,15,1,0
BRDA:130,15,2,0
BRDA:133,16,0,0
BRDA:133,16,1,0
BRDA:136,17,0,0
BRDA:136,17,1,0
BRDA:137,18,0,0
BRDA:137,18,1,0
BRDA:186,19,0,0
BRDA:186,19,1,0
BRDA:199,20,0,0
BRDA:199,20,1,0
BRDA:219,21,0,0
BRDA:219,21,1,0
BRDA:247,22,0,0
BRDA:247,22,1,0
BRDA:266,23,0,0
BRDA:266,23,1,0
BRDA:283,24,0,0
BRDA:283,24,1,0
BRDA:304,25,0,0
BRDA:304,25,1,0
BRDA:304,26,0,0
BRDA:304,26,1,0
BRDA:308,27,0,0
BRDA:308,27,1,0
BRDA:308,28,0,0
BRDA:308,28,1,0
BRDA:311,29,0,0
BRDA:311,29,1,0
BRDA:314,30,0,0
BRDA:314,30,1,0
BRDA:330,31,0,0
BRDA:330,31,1,0
BRDA:331,32,0,0
BRDA:331,32,1,0
BRDA:341,33,0,0
BRDA:341,33,1,0
BRDA:346,34,0,0
BRDA:346,34,1,0
BRDA:346,34,2,0
BRDA:351,35,0,0
BRDA:351,35,1,0
BRDA:353,36,0,0
BRDA:353,36,1,0
BRDA:358,37,0,0
BRDA:358,37,1,0
BRDA:382,38,0,0
BRDA:382,38,1,0
BRDA:382,39,0,0
BRDA:382,39,1,0
BRDA:389,40,0,0
BRDA:389,40,1,0
BRDA:394,41,0,0
BRDA:394,41,1,0
BRDA:399,42,0,0
BRDA:399,42,1,0
BRDA:400,43,0,0
BRDA:400,43,1,0
BRDA:400,43,2,0
BRDA:402,44,0,0
BRDA:402,44,1,0
BRDA:403,45,0,0
BRDA:403,45,1,0
BRDA:412,46,0,0
BRDA:412,46,1,0
BRDA:415,47,0,0
BRDA:415,47,1,0
BRDA:418,48,0,0
BRDA:418,48,1,0
BRF:102
BRH:0
end_of_record
TN:
SF:c:\Users\46885473820\Documents\gitHub\SenaiLessons\C#Web\WebMvc\wwwroot\lib\jquery-validation-unobtrusive\jquery.validate.unobtrusive.min.js
FN:4,(anonymous_0)
FN:4,(anonymous_1)
FN:4,e
FN:4,n
FN:4,t
FN:4,r
FN:4,i
FN:4,o
FN:4,d
FN:4,(anonymous_9)
FN:4,s
FN:4,l
FN:4,u
FN:4,(anonymous_13)
FN:4,(anonymous_14)
FN:4,(anonymous_15)
FN:4,(anonymous_16)
FN:4,(anonymous_17)
FN:4,(anonymous_18)
FN:4,(anonymous_19)
FN:4,(anonymous_20)
FN:4,(anonymous_21)
FN:4,(anonymous_22)
FN:4,(anonymous_23)
FN:4,(anonymous_24)
FN:4,(anonymous_25)
FN:4,(anonymous_26)
FN:4,(anonymous_27)
FN:4,(anonymous_28)
FN:4,(anonymous_29)
FN:4,(anonymous_30)
FN:4,(anonymous_31)
FN:4,(anonymous_32)
FN:4,(anonymous_33)
FN:4,(anonymous_34)
FN:4,(anonymous_35)
FN:4,(anonymous_36)
FN:4,(anonymous_37)
FN:4,(anonymous_38)
FN:4,(anonymous_39)
FN:4,(anonymous_40)
FN:4,(anonymous_41)
FN:4,(anonymous_42)
FNF:43
FNH:0
FNDA:0,(anonymous_0)
FNDA:0,(anonymous_1)
FNDA:0,e
FNDA:0,n
FNDA:0,t
FNDA:0,r
FNDA:0,i
FNDA:0,o
FNDA:0,d
FNDA:0,(anonymous_9)
FNDA:0,s
FNDA:0,l
FNDA:0,u
FNDA:0,(anonymous_13)
FNDA:0,(anonymous_14)
FNDA:0,(anonymous_15)
FNDA:0,(anonymous_16)
FNDA:0,(anonymous_17)
FNDA:0,(anonymous_18)
FNDA:0,(anonymous_19)
FNDA:0,(anonymous_20)
FNDA:0,(anonymous_21)
FNDA:0,(anonymous_22)
FNDA:0,(anonymous_23)
FNDA:0,(anonymous_24)
FNDA:0,(anonymous_25)
FNDA:0,(anonymous_26)
FNDA:0,(anonymous_27)
FNDA:0,(anonymous_28)
FNDA:0,(anonymous_29)
FNDA:0,(anonymous_30)
FNDA:0,(anonymous_31)
FNDA:0,(anonymous_32)
FNDA:0,(anonymous_33)
FNDA:0,(anonymous_34)
FNDA:0,(anonymous_35)
FNDA:0,(anonymous_36)
FNDA:0,(anonymous_37)
FNDA:0,(anonymous_38)
FNDA:0,(anonymous_39)
FNDA:0,(anonymous_40)
FNDA:0,(anonymous_41)
FNDA:0,(anonymous_42)
DA:4,0
LF:1
LH:0
BRDA:4,0,0,0
BRDA:4,0,1,0
BRDA:4,1,0,0
BRDA:4,1,1,0
BRDA:4,2,0,0
BRDA:4,2,1,0
BRDA:4,3,0,0
BRDA:4,3,1,0
BRDA:4,4,0,0
BRDA:4,4,1,0
BRDA:4,5,0,0
BRDA:4,5,1,0
BRDA:4,6,0,0
BRDA:4,6,1,0
BRDA:4,7,0,0
BRDA:4,7,1,0
BRDA:4,8,0,0
BRDA:4,8,1,0
BRDA:4,8,2,0
BRDA:4,8,3,0
BRDA:4,9,0,0
BRDA:4,9,1,0
BRDA:4,10,0,0
BRDA:4,10,1,0
BRDA:4,11,0,0
BRDA:4,11,1,0
BRDA:4,12,0,0
BRDA:4,12,1,0
BRDA:4,13,0,0
BRDA:4,13,1,0
BRDA:4,14,0,0
BRDA:4,14,1,0
BRDA:4,14,2,0
BRDA:4,15,0,0
BRDA:4,15,1,0
BRDA:4,16,0,0
BRDA:4,16,1,0
BRDA:4,17,0,0
BRDA:4,17,1,0
BRDA:4,18,0,0
BRDA:4,18,1,0
BRDA:4,19,0,0
BRDA:4,19,1,0
BRDA:4,20,0,0
BRDA:4,20,1,0
BRDA:4,21,0,0
BRDA:4,21,1,0
BRDA:4,22,0,0
BRDA:4,22,1,0
BRDA:4,23,0,0
BRDA:4,23,1,0
BRDA:4,24,0,0
BRDA:4,24,1,0
BRDA:4,25,0,0
BRDA:4,25,1,0
BRDA:4,26,0,0
BRDA:4,26,1,0
BRDA:4,27,0,0
BRDA:4,27,1,0
BRDA:4,28,0,0
BRDA:4,28,1,0
BRDA:4,29,0,0
BRDA:4,29,1,0
BRDA:4,30,0,0
BRDA:4,30,1,0
BRDA:4,31,0,0
BRDA:4,31,1,0
BRDA:4,32,0,0
BRDA:4,32,1,0
BRDA:4,33,0,0
BRDA:4,33,1,0
BRDA:4,33,2,0
BRDA:4,34,0,0
BRDA:4,34,1,0
BRDA:4,35,0,0
BRDA:4,35,1,0
BRDA:4,36,0,0
BRDA:4,36,1,0
BRDA:4,37,0,0
BRDA:4,37,1,0
BRDA:4,37,2,0
BRDA:4,38,0,0
BRDA:4,38,1,0
BRDA:4,39,0,0
BRDA:4,39,1,0
BRDA:4,40,0,0
BRDA:4,40,1,0
BRDA:4,41,0,0
BRDA:4,41,1,0
BRDA:4,41,2,0
BRDA:4,42,0,0
BRDA:4,42,1,0
BRDA:4,43,0,0
BRDA:4,43,1,0
BRDA:4,44,0,0
BRDA:4,44,1,0
BRDA:4,45,0,0
BRDA:4,45,1,0
BRDA:4,46,0,0
BRDA:4,46,1,0
BRF:100
BRH:0
end_of_record
TN:
SF:c:\Users\46885473820\Documents\gitHub\SenaiLessons\C#Web\WebMvc\wwwroot\lib\jquery-validation\dist\additional-methods.js
FN:9,(anonymous_0)
FN:17,(anonymous_1)
FN:19,(anonymous_2)
FN:21,stripHtml
FN:30,(anonymous_4)
FN:34,(anonymous_5)
FN:38,(anonymous_6)
FN:47,(anonymous_7)
FN:88,(anonymous_8)
FN:98,(anonymous_9)
FN:119,(anonymous_10)
FN:140,(anonymous_11)
FN:194,(anonymous_12)
FN:212,isOdd
FN:263,(anonymous_14)
FN:279,(anonymous_15)
FN:322,(anonymous_16)
FN:365,(anonymous_17)
FN:459,(anonymous_18)
FN:473,(anonymous_19)
FN:496,(anonymous_20)
FN:517,(anonymous_21)
FN:522,(anonymous_22)
FN:530,(anonymous_23)
FN:540,(anonymous_24)
FN:671,(anonymous_25)
FN:675,(anonymous_26)
FN:679,(anonymous_27)
FN:683,(anonymous_28)
FN:687,(anonymous_29)
FN:691,(anonymous_30)
FN:703,(anonymous_31)
FN:709,(anonymous_32)
FN:721,(anonymous_33)
FN:756,(anonymous_34)
FN:787,(anonymous_35)
FN:807,(anonymous_36)
FN:811,(anonymous_37)
FN:828,(anonymous_38)
FN:841,(anonymous_39)
FN:855,(anonymous_40)
FN:869,(anonymous_41)
FN:891,(anonymous_42)
FN:905,(anonymous_43)
FN:922,(anonymous_44)
FN:927,(anonymous_45)
FN:931,(anonymous_46)
FN:936,(anonymous_47)
FN:956,(anonymous_48)
FN:960,(anonymous_49)
FN:970,(anonymous_50)
FN:999,(anonymous_51)
FN:1003,(anonymous_52)
FN:1014,(anonymous_53)
FN:1056,(anonymous_54)
FN:1078,(anonymous_55)
FN:1082,(anonymous_56)
FN:1086,(anonymous_57)
FN:1091,(anonymous_58)
FN:1107,(anonymous_59)
FN:1150,(anonymous_60)
FN:1154,(anonymous_61)
FNF:62
FNH:0
FNDA:0,(anonymous_0)
FNDA:0,(anonymous_1)
FNDA:0,(anonymous_2)
FNDA:0,stripHtml
FNDA:0,(anonymous_4)
FNDA:0,(anonymous_5)
FNDA:0,(anonymous_6)
FNDA:0,(anonymous_7)
FNDA:0,(anonymous_8)
FNDA:0,(anonymous_9)
FNDA:0,(anonymous_10)
FNDA:0,(anonymous_11)
FNDA:0,(anonymous_12)
FNDA:0,isOdd
FNDA:0,(anonymous_14)
FNDA:0,(anonymous_15)
FNDA:0,(anonymous_16)
FNDA:0,(anonymous_17)
FNDA:0,(anonymous_18)
FNDA:0,(anonymous_19)
FNDA:0,(anonymous_20)
FNDA:0,(anonymous_21)
FNDA:0,(anonymous_22)
FNDA:0,(anonymous_23)
FNDA:0,(anonymous_24)
FNDA:0,(anonymous_25)
FNDA:0,(anonymous_26)
FNDA:0,(anonymous_27)
FNDA:0,(anonymous_28)
FNDA:0,(anonymous_29)
FNDA:0,(anonymous_30)
FNDA:0,(anonymous_31)
FNDA:0,(anonymous_32)
FNDA:0,(anonymous_33)
FNDA:0,(anonymous_34)
FNDA:0,(anonymous_35)
FNDA:0,(anonymous_36)
FNDA:0,(anonymous_37)
FNDA:0,(anonymous_38)
FNDA:0,(anonymous_39)
FNDA:0,(anonymous_40)
FNDA:0,(anonymous_41)
FNDA:0,(anonymous_42)
FNDA:0,(anonymous_43)
FNDA:0,(anonymous_44)
FNDA:0,(anonymous_45)
FNDA:0,(anonymous_46)
FNDA:0,(anonymous_47)
FNDA:0,(anonymous_48)
FNDA:0,(anonymous_49)
FNDA:0,(anonymous_50)
FNDA:0,(anonymous_51)
FNDA:0,(anonymous_52)
FNDA:0,(anonymous_53)
FNDA:0,(anonymous_54)
FNDA:0,(anonymous_55)
FNDA:0,(anonymous_56)
FNDA:0,(anonymous_57)
FNDA:0,(anonymous_58)
FNDA:0,(anonymous_59)
FNDA:0,(anonymous_60)
FNDA:0,(anonymous_61)
DA:9,0
DA:10,0
DA:11,0
DA:12,0
DA:13,0
DA:15,0
DA:19,0
DA:24,0
DA:30,0
DA:31,0
DA:34,0
DA:35,0
DA:38,0
DA:39,0
DA:40,0
DA:41,0
DA:47,0
DA:50,0
DA:51,0
DA:55,0
DA:56,0
DA:59,0
DA:64,0
DA:70,0
DA:71,0
DA:72,0
DA:73,0
DA:76,0
DA:77,0
DA:85,0
DA:88,0
DA:89,0
DA:98,0
DA:99,0
DA:100,0
DA:102,0
DA:103,0
DA:107,0
DA:108,0
DA:109,0
DA:111,0
DA:112,0
DA:113,0
DA:114,0
DA:116,0
DA:119,0
DA:120,0
DA:140,0
DA:141,0
DA:194,0
DA:197,0
DA:198,0
DA:201,0
DA:202,0
DA:203,0
DA:204,0
DA:205,0
DA:206,0
DA:207,0
DA:213,0
DA:217,0
DA:218,0
DA:221,0
DA:222,0
DA:225,0
DA:228,0
DA:231,0
DA:236,0
DA:240,0
DA:241,0
DA:242,0
DA:243,0
DA:246,0
DA:247,0
DA:250,0
DA:251,0
DA:255,0
DA:263,0
DA:266,0
DA:269,0
DA:270,0
DA:273,0
DA:276,0
DA:277,0
DA:279,0
DA:280,0
DA:281,0
DA:282,0
DA:284,0
DA:288,0
DA:300,0
DA:304,0
DA:305,0
DA:309,0
DA:310,0
DA:311,0
DA:312,0
DA:314,0
DA:316,0
DA:322,0
DA:323,0
DA:324,0
DA:328,0
DA:329,0
DA:332,0
DA:333,0
DA:334,0
DA:337,0
DA:341,0
DA:342,0
DA:345,0
DA:346,0
DA:347,0
DA:348,0
DA:349,0
DA:350,0
DA:354,0
DA:355,0
DA:358,0
DA:365,0
DA:366,0
DA:367,0
DA:370,0
DA:372,0
DA:374,0
DA:375,0
DA:377,0
DA:378,0
DA:380,0
DA:381,0
DA:383,0
DA:384,0
DA:386,0
DA:387,0
DA:389,0
DA:390,0
DA:392,0
DA:393,0
DA:395,0
DA:396,0
DA:398,0
DA:399,0
DA:401,0
DA:402,0
DA:404,0
DA:405,0
DA:407,0
DA:408,0
DA:410,0
DA:411,0
DA:413,0
DA:414,0
DA:416,0
DA:417,0
DA:419,0
DA:420,0
DA:422,0
DA:423,0
DA:425,0
DA:426,0
DA:428,0
DA:459,0
DA:460,0
DA:461,0
DA:462,0
DA:465,0
DA:466,0
DA:467,0
DA:468,0
DA:469,0
DA:473,0
DA:474,0
DA:496,0
DA:497,0
DA:498,0
DA:500,0
DA:501,0
DA:502,0
DA:503,0
DA:504,0
DA:505,0
DA:506,0
DA:507,0
DA:509,0
DA:512,0
DA:514,0
DA:517,0
DA:518,0
DA:522,0
DA:523,0
DA:524,0
DA:530,0
DA:531,0
DA:540,0
DA:543,0
DA:544,0
DA:548,0
DA:549,0
DA:550,0
DA:551,0
DA:552,0
DA:560,0
DA:561,0
DA:562,0
DA:566,0
DA:567,0
DA:634,0
DA:643,0
DA:644,0
DA:645,0
DA:646,0
DA:651,0
DA:652,0
DA:653,0
DA:654,0
DA:655,0
DA:657,0
DA:658,0
DA:663,0
DA:664,0
DA:665,0
DA:666,0
DA:668,0
DA:671,0
DA:672,0
DA:675,0
DA:676,0
DA:679,0
DA:680,0
DA:683,0
DA:684,0
DA:687,0
DA:688,0
DA:691,0
DA:692,0
DA:703,0
DA:704,0
DA:705,0
DA:709,0
DA:710,0
DA:721,0
DA:724,0
DA:725,0
DA:728,0
DA:729,0
DA:730,0
DA:733,0
DA:736,0
DA:737,0
DA:743,0
DA:747,0
DA:749,0
DA:756,0
DA:759,0
DA:760,0
DA:763,0
DA:766,0
DA:767,0
DA:771,0
DA:772,0
DA:776,0
DA:777,0
DA:780,0
DA:787,0
DA:790,0
DA:792,0
DA:793,0
DA:796,0
DA:797,0
DA:798,0
DA:799,0
DA:801,0
DA:802,0
DA:804,0
DA:807,0
DA:808,0
DA:811,0
DA:812,0
DA:828,0
DA:829,0
DA:830,0
DA:832,0
DA:833,0
DA:835,0
DA:841,0
DA:842,0
DA:855,0
DA:856,0
DA:857,0
DA:869,0
DA:870,0
DA:871,0
DA:891,0
DA:892,0
DA:893,0
DA:905,0
DA:906,0
DA:922,0
DA:923,0
DA:927,0
DA:928,0
DA:931,0
DA:932,0
DA:936,0
DA:937,0
DA:956,0
DA:957,0
DA:958,0
DA:959,0
DA:960,0
DA:961,0
DA:965,0
DA:968,0
DA:969,0
DA:970,0
DA:971,0
DA:973,0
DA:975,0
DA:999,0
DA:1000,0
DA:1001,0
DA:1002,0
DA:1003,0
DA:1004,0
DA:1006,0
DA:1009,0
DA:1012,0
DA:1013,0
DA:1014,0
DA:1015,0
DA:1017,0
DA:1019,0
DA:1056,0
DA:1057,0
DA:1058,0
DA:1059,0
DA:1060,0
DA:1063,0
DA:1064,0
DA:1065,0
DA:1066,0
DA:1067,0
DA:1068,0
DA:1070,0
DA:1073,0
DA:1074,0
DA:1078,0
DA:1079,0
DA:1082,0
DA:1083,0
DA:1086,0
DA:1087,0
DA:1091,0
DA:1092,0
DA:1107,0
DA:1108,0
DA:1109,0
DA:1112,0
DA:1113,0
DA:1114,0
DA:1115,0
DA:1118,0
DA:1119,0
DA:1120,0
DA:1121,0
DA:1122,0
DA:1124,0
DA:1125,0
DA:1127,0
DA:1128,0
DA:1129,0
DA:1130,0
DA:1131,0
DA:1132,0
DA:1134,0
DA:1138,0
DA:1140,0
DA:1141,0
DA:1142,0
DA:1144,0
DA:1145,0
DA:1147,0
DA:1150,0
DA:1151,0
DA:1154,0
DA:1155,0
DA:1157,0
LF:387
LH:0
BRDA:10,0,0,0
BRDA:10,0,1,0
BRDA:10,1,0,0
BRDA:10,1,1,0
BRDA:12,2,0,0
BRDA:12,2,1,0
BRDA:12,3,0,0
BRDA:12,3,1,0
BRDA:31,4,0,0
BRDA:31,4,1,0
BRDA:35,5,0,0
BRDA:35,5,1,0
BRDA:41,6,0,0
BRDA:41,6,1,0
BRDA:41,6,2,0
BRDA:50,7,0,0
BRDA:50,7,1,0
BRDA:55,8,0,0
BRDA:55,8,1,0
BRDA:59,9,0,0
BRDA:59,9,1,0
BRDA:70,10,0,0
BRDA:70,10,1,0
BRDA:70,11,0,0
BRDA:70,11,1,0
BRDA:76,12,0,0
BRDA:76,12,1,0
BRDA:89,13,0,0
BRDA:89,13,1,0
BRDA:99,14,0,0
BRDA:99,14,1,0
BRDA:102,15,0,0
BRDA:102,15,1,0
BRDA:120,16,0,0
BRDA:120,16,1,0
BRDA:120,16,2,0
BRDA:141,17,0,0
BRDA:141,17,1,0
BRDA:197,18,0,0
BRDA:197,18,1,0
BRDA:217,19,0,0
BRDA:217,19,1,0
BRDA:217,20,0,0
BRDA:217,20,1,0
BRDA:225,21,0,0
BRDA:225,21,1,0
BRDA:231,22,0,0
BRDA:231,22,1,0
BRDA:242,23,0,0
BRDA:242,23,1,0
BRDA:246,24,0,0
BRDA:246,24,1,0
BRDA:250,25,0,0
BRDA:250,25,1,0
BRDA:255,26,0,0
BRDA:255,26,1,0
BRDA:269,27,0,0
BRDA:269,27,1,0
BRDA:281,28,0,0
BRDA:281,28,1,0
BRDA:281,29,0,0
BRDA:281,29,1,0
BRDA:288,30,0,0
BRDA:288,30,1,0
BRDA:288,31,0,0
BRDA:288,31,1,0
BRDA:288,31,2,0
BRDA:288,31,3,0
BRDA:288,31,4,0
BRDA:288,31,5,0
BRDA:288,31,6,0
BRDA:288,31,7,0
BRDA:288,31,8,0
BRDA:288,31,9,0
BRDA:288,31,10,0
BRDA:309,32,0,0
BRDA:309,32,1,0
BRDA:323,33,0,0
BRDA:323,33,1,0
BRDA:328,34,0,0
BRDA:328,34,1,0
BRDA:341,35,0,0
BRDA:341,35,1,0
BRDA:341,36,0,0
BRDA:341,36,1,0
BRDA:348,37,0,0
BRDA:348,37,1,0
BRDA:349,38,0,0
BRDA:349,38,1,0
BRDA:366,39,0,0
BRDA:366,39,1,0
BRDA:374,40,0,0
BRDA:374,40,1,0
BRDA:377,41,0,0
BRDA:377,41,1,0
BRDA:380,42,0,0
BRDA:380,42,1,0
BRDA:383,43,0,0
BRDA:383,43,1,0
BRDA:386,44,0,0
BRDA:386,44,1,0
BRDA:389,45,0,0
BRDA:389,45,1,0
BRDA:392,46,0,0
BRDA:392,46,1,0
BRDA:395,47,0,0
BRDA:395,47,1,0
BRDA:398,48,0,0
BRDA:398,48,1,0
BRDA:401,49,0,0
BRDA:401,49,1,0
BRDA:401,50,0,0
BRDA:401,50,1,0
BRDA:404,51,0,0
BRDA:404,51,1,0
BRDA:404,52,0,0
BRDA:404,52,1,0
BRDA:407,53,0,0
BRDA:407,53,1,0
BRDA:407,54,0,0
BRDA:407,54,1,0
BRDA:410,55,0,0
BRDA:410,55,1,0
BRDA:410,56,0,0
BRDA:410,56,1,0
BRDA:413,57,0,0
BRDA:413,57,1,0
BRDA:413,58,0,0
BRDA:413,58,1,0
BRDA:416,59,0,0
BRDA:416,59,1,0
BRDA:416,60,0,0
BRDA:416,60,1,0
BRDA:419,61,0,0
BRDA:419,61,1,0
BRDA:419,62,0,0
BRDA:419,62,1,0
BRDA:422,63,0,0
BRDA:422,63,1,0
BRDA:422,64,0,0
BRDA:422,64,1,0
BRDA:425,65,0,0
BRDA:425,65,1,0
BRDA:461,66,0,0
BRDA:461,66,1,0
BRDA:462,67,0,0
BRDA:462,67,1,0
BRDA:466,68,0,0
BRDA:466,68,1,0
BRDA:469,69,0,0
BRDA:469,69,1,0
BRDA:474,70,0,0
BRDA:474,70,1,0
BRDA:500,71,0,0
BRDA:500,71,1,0
BRDA:506,72,0,0
BRDA:506,72,1,0
BRDA:506,73,0,0
BRDA:506,73,1,0
BRDA:506,73,2,0
BRDA:514,74,0,0
BRDA:514,74,1,0
BRDA:518,75,0,0
BRDA:518,75,1,0
BRDA:523,76,0,0
BRDA:523,76,1,0
BRDA:524,77,0,0
BRDA:524,77,1,0
BRDA:531,78,0,0
BRDA:531,78,1,0
BRDA:543,79,0,0
BRDA:543,79,1,0
BRDA:561,80,0,0
BRDA:561,80,1,0
BRDA:643,81,0,0
BRDA:643,81,1,0
BRDA:645,82,0,0
BRDA:645,82,1,0
BRDA:654,83,0,0
BRDA:654,83,1,0
BRDA:657,84,0,0
BRDA:657,84,1,0
BRDA:672,85,0,0
BRDA:672,85,1,0
BRDA:676,86,0,0
BRDA:676,86,1,0
BRDA:680,87,0,0
BRDA:680,87,1,0
BRDA:684,88,0,0
BRDA:684,88,1,0
BRDA:688,89,0,0
BRDA:688,89,1,0
BRDA:692,90,0,0
BRDA:692,90,1,0
BRDA:705,91,0,0
BRDA:705,91,1,0
BRDA:705,91,2,0
BRDA:710,92,0,0
BRDA:710,92,1,0
BRDA:724,93,0,0
BRDA:724,93,1,0
BRDA:736,94,0,0
BRDA:736,94,1,0
BRDA:736,95,0,0
BRDA:736,95,1,0
BRDA:736,95,2,0
BRDA:747,96,0,0
BRDA:747,96,1,0
BRDA:759,97,0,0
BRDA:759,97,1,0
BRDA:766,98,0,0
BRDA:766,98,1,0
BRDA:771,99,0,0
BRDA:771,99,1,0
BRDA:776,100,0,0
BRDA:776,100,1,0
BRDA:792,101,0,0
BRDA:792,101,1,0
BRDA:802,102,0,0
BRDA:802,102,1,0
BRDA:808,103,0,0
BRDA:808,103,1,0
BRDA:812,104,0,0
BRDA:812,104,1,0
BRDA:829,105,0,0
BRDA:829,105,1,0
BRDA:832,106,0,0
BRDA:832,106,1,0
BRDA:842,107,0,0
BRDA:842,107,1,0
BRDA:857,108,0,0
BRDA:857,108,1,0
BRDA:857,108,2,0
BRDA:871,109,0,0
BRDA:871,109,1,0
BRDA:871,109,2,0
BRDA:893,110,0,0
BRDA:893,110,1,0
BRDA:893,110,2,0
BRDA:906,111,0,0
BRDA:906,111,1,0
BRDA:923,112,0,0
BRDA:923,112,1,0
BRDA:928,113,0,0
BRDA:928,113,1,0
BRDA:932,114,0,0
BRDA:932,114,1,0
BRDA:937,115,0,0
BRDA:937,115,1,0
BRDA:959,116,0,0
BRDA:959,116,1,0
BRDA:968,117,0,0
BRDA:968,117,1,0
BRDA:1002,118,0,0
BRDA:1002,118,1,0
BRDA:1006,119,0,0
BRDA:1006,119,1,0
BRDA:1012,120,0,0
BRDA:1012,120,1,0
BRDA:1058,121,0,0
BRDA:1058,121,1,0
BRDA:1058,122,0,0
BRDA:1058,122,1,0
BRDA:1059,123,0,0
BRDA:1059,123,1,0
BRDA:1059,124,0,0
BRDA:1059,124,1,0
BRDA:1060,125,0,0
BRDA:1060,125,1,0
BRDA:1060,126,0,0
BRDA:1060,126,1,0
BRDA:1063,127,0,0
BRDA:1063,127,1,0
BRDA:1063,128,0,0
BRDA:1063,128,1,0
BRDA:1065,129,0,0
BRDA:1065,129,1,0
BRDA:1065,130,0,0
BRDA:1065,130,1,0
BRDA:1067,131,0,0
BRDA:1067,131,1,0
BRDA:1073,132,0,0
BRDA:1073,132,1,0
BRDA:1074,133,0,0
BRDA:1074,133,1,0
BRDA:1083,134,0,0
BRDA:1083,134,1,0
BRDA:1087,135,0,0
BRDA:1087,135,1,0
BRDA:1092,136,0,0
BRDA:1092,136,1,0
BRDA:1108,137,0,0
BRDA:1108,137,1,0
BRDA:1121,138,0,0
BRDA:1121,138,1,0
BRDA:1124,139,0,0
BRDA:1124,139,1,0
BRDA:1128,140,0,0
BRDA:1128,140,1,0
BRDA:1131,141,0,0
BRDA:1131,141,1,0
BRDA:1131,142,0,0
BRDA:1131,142,1,0
BRDA:1141,143,0,0
BRDA:1141,143,1,0
BRDA:1144,144,0,0
BRDA:1144,144,1,0
BRDA:1151,145,0,0
BRDA:1151,145,1,0
BRDA:1155,146,0,0
BRDA:1155,146,1,0
BRF:311
BRH:0
end_of_record
TN:
SF:c:\Users\46885473820\Documents\gitHub\SenaiLessons\C#Web\WebMvc\wwwroot\lib\jquery-validation\dist\additional-methods.min.js
FN:4,(anonymous_0)
FN:4,(anonymous_1)
FN:4,(anonymous_2)
FN:4,b
FN:4,(anonymous_4)
FN:4,(anonymous_5)
FN:4,(anonymous_6)
FN:4,(anonymous_7)
FN:4,(anonymous_8)
FN:4,(anonymous_9)
FN:4,(anonymous_10)
FN:4,(anonymous_11)
FN:4,(anonymous_12)
FN:4,c
FN:4,(anonymous_14)
FN:4,(anonymous_15)
FN:4,(anonymous_16)
FN:4,(anonymous_17)
FN:4,(anonymous_18)
FN:4,(anonymous_19)
FN:4,(anonymous_20)
FN:4,(anonymous_21)
FN:4,(anonymous_22)
FN:4,(anonymous_23)
FN:4,(anonymous_24)
FN:4,(anonymous_25)
FN:4,(anonymous_26)
FN:4,(anonymous_27)
FN:4,(anonymous_28)
FN:4,(anonymous_29)
FN:4,(anonymous_30)
FN:4,(anonymous_31)
FN:4,(anonymous_32)
FN:4,(anonymous_33)
FN:4,(anonymous_34)
FN:4,(anonymous_35)
FN:4,(anonymous_36)
FN:4,(anonymous_37)
FN:4,(anonymous_38)
FN:4,(anonymous_39)
FN:4,(anonymous_40)
FN:4,(anonymous_41)
FN:4,(anonymous_42)
FN:4,(anonymous_43)
FN:4,(anonymous_44)
FN:4,(anonymous_45)
FN:4,(anonymous_46)
FN:4,(anonymous_47)
FN:4,(anonymous_48)
FN:4,(anonymous_49)
FN:4,(anonymous_50)
FN:4,(anonymous_51)
FN:4,(anonymous_52)
FN:4,(anonymous_53)
FN:4,(anonymous_54)
FN:4,(anonymous_55)
FN:4,(anonymous_56)
FN:4,(anonymous_57)
FN:4,(anonymous_58)
FN:4,(anonymous_59)
FN:4,(anonymous_60)
FN:4,(anonymous_61)
FNF:62
FNH:0
FNDA:0,(anonymous_0)
FNDA:0,(anonymous_1)
FNDA:0,(anonymous_2)
FNDA:0,b
FNDA:0,(anonymous_4)
FNDA:0,(anonymous_5)
FNDA:0,(anonymous_6)
FNDA:0,(anonymous_7)
FNDA:0,(anonymous_8)
FNDA:0,(anonymous_9)
FNDA:0,(anonymous_10)
FNDA:0,(anonymous_11)
FNDA:0,(anonymous_12)
FNDA:0,c
FNDA:0,(anonymous_14)
FNDA:0,(anonymous_15)
FNDA:0,(anonymous_16)
FNDA:0,(anonymous_17)
FNDA:0,(anonymous_18)
FNDA:0,(anonymous_19)
FNDA:0,(anonymous_20)
FNDA:0,(anonymous_21)
FNDA:0,(anonymous_22)
FNDA:0,(anonymous_23)
FNDA:0,(anonymous_24)
FNDA:0,(anonymous_25)
FNDA:0,(anonymous_26)
FNDA:0,(anonymous_27)
FNDA:0,(anonymous_28)
FNDA:0,(anonymous_29)
FNDA:0,(anonymous_30)
FNDA:0,(anonymous_31)
FNDA:0,(anonymous_32)
FNDA:0,(anonymous_33)
FNDA:0,(anonymous_34)
FNDA:0,(anonymous_35)
FNDA:0,(anonymous_36)
FNDA:0,(anonymous_37)
FNDA:0,(anonymous_38)
FNDA:0,(anonymous_39)
FNDA:0,(anonymous_40)
FNDA:0,(anonymous_41)
FNDA:0,(anonymous_42)
FNDA:0,(anonymous_43)
FNDA:0,(anonymous_44)
FNDA:0,(anonymous_45)
FNDA:0,(anonymous_46)
FNDA:0,(anonymous_47)
FNDA:0,(anonymous_48)
FNDA:0,(anonymous_49)
FNDA:0,(anonymous_50)
FNDA:0,(anonymous_51)
FNDA:0,(anonymous_52)
FNDA:0,(anonymous_53)
FNDA:0,(anonymous_54)
FNDA:0,(anonymous_55)
FNDA:0,(anonymous_56)
FNDA:0,(anonymous_57)
FNDA:0,(anonymous_58)
FNDA:0,(anonymous_59)
FNDA:0,(anonymous_60)
FNDA:0,(anonymous_61)
DA:4,0
LF:1
LH:0
BRDA:4,0,0,0
BRDA:4,0,1,0
BRDA:4,1,0,0
BRDA:4,1,1,0
BRDA:4,2,0,0
BRDA:4,2,1,0
BRDA:4,3,0,0
BRDA:4,3,1,0
BRDA:4,4,0,0
BRDA:4,4,1,0
BRDA:4,5,0,0
BRDA:4,5,1,0
BRDA:4,6,0,0
BRDA:4,6,1,0
BRDA:4,6,2,0
BRDA:4,7,0,0
BRDA:4,7,1,0
BRDA:4,8,0,0
BRDA:4,8,1,0
BRDA:4,9,0,0
BRDA:4,9,1,0
BRDA:4,10,0,0
BRDA:4,10,1,0
BRDA:4,11,0,0
BRDA:4,11,1,0
BRDA:4,12,0,0
BRDA:4,12,1,0
BRDA:4,13,0,0
BRDA:4,13,1,0
BRDA:4,14,0,0
BRDA:4,14,1,0
BRDA:4,15,0,0
BRDA:4,15,1,0
BRDA:4,16,0,0
BRDA:4,16,1,0
BRDA:4,16,2,0
BRDA:4,17,0,0
BRDA:4,17,1,0
BRDA:4,18,0,0
BRDA:4,18,1,0
BRDA:4,19,0,0
BRDA:4,19,1,0
BRDA:4,20,0,0
BRDA:4,20,1,0
BRDA:4,21,0,0
BRDA:4,21,1,0
BRDA:4,22,0,0
BRDA:4,22,1,0
BRDA:4,23,0,0
BRDA:4,23,1,0
BRDA:4,24,0,0
BRDA:4,24,1,0
BRDA:4,25,0,0
BRDA:4,25,1,0
BRDA:4,26,0,0
BRDA:4,26,1,0
BRDA:4,27,0,0
BRDA:4,27,1,0
BRDA:4,28,0,0
BRDA:4,28,1,0
BRDA:4,29,0,0
BRDA:4,29,1,0
BRDA:4,29,2,0
BRDA:4,30,0,0
BRDA:4,30,1,0
BRDA:4,30,2,0
BRDA:4,30,3,0
BRDA:4,30,4,0
BRDA:4,30,5,0
BRDA:4,30,6,0
BRDA:4,30,7,0
BRDA:4,30,8,0
BRDA:4,30,9,0
BRDA:4,30,10,0
BRDA:4,31,0,0
BRDA:4,31,1,0
BRDA:4,32,0,0
BRDA:4,32,1,0
BRDA:4,33,0,0
BRDA:4,33,1,0
BRDA:4,34,0,0
BRDA:4,34,1,0
BRDA:4,35,0,0
BRDA:4,35,1,0
BRDA:4,36,0,0
BRDA:4,36,1,0
BRDA:4,36,2,0
BRDA:4,37,0,0
BRDA:4,37,1,0
BRDA:4,38,0,0
BRDA:4,38,1,0
BRDA:4,39,0,0
BRDA:4,39,1,0
BRDA:4,40,0,0
BRDA:4,40,1,0
BRDA:4,41,0,0
BRDA:4,41,1,0
BRDA:4,42,0,0
BRDA:4,42,1,0
BRDA:4,43,0,0
BRDA:4,43,1,0
BRDA:4,44,0,0
BRDA:4,44,1,0
BRDA:4,45,0,0
BRDA:4,45,1,0
BRDA:4,46,0,0
BRDA:4,46,1,0
BRDA:4,47,0,0
BRDA:4,47,1,0
BRDA:4,48,0,0
BRDA:4,48,1,0
BRDA:4,49,0,0
BRDA:4,49,1,0
BRDA:4,50,0,0
BRDA:4,50,1,0
BRDA:4,51,0,0
BRDA:4,51,1,0
BRDA:4,52,0,0
BRDA:4,52,1,0
BRDA:4,53,0,0
BRDA:4,53,1,0
BRDA:4,54,0,0
BRDA:4,54,1,0
BRDA:4,55,0,0
BRDA:4,55,1,0
BRDA:4,56,0,0
BRDA:4,56,1,0
BRDA:4,57,0,0
BRDA:4,57,1,0
BRDA:4,58,0,0
BRDA:4,58,1,0
BRDA:4,59,0,0
BRDA:4,59,1,0
BRDA:4,60,0,0
BRDA:4,60,1,0
BRDA:4,61,0,0
BRDA:4,61,1,0
BRDA:4,62,0,0
BRDA:4,62,1,0
BRDA:4,63,0,0
BRDA:4,63,1,0
BRDA:4,64,0,0
BRDA:4,64,1,0
BRDA:4,65,0,0
BRDA:4,65,1,0
BRDA:4,66,0,0
BRDA:4,66,1,0
BRDA:4,67,0,0
BRDA:4,67,1,0
BRDA:4,68,0,0
BRDA:4,68,1,0
BRDA:4,69,0,0
BRDA:4,69,1,0
BRDA:4,69,2,0
BRDA:4,70,0,0
BRDA:4,70,1,0
BRDA:4,71,0,0
BRDA:4,71,1,0
BRDA:4,72,0,0
BRDA:4,72,1,0
BRDA:4,73,0,0
BRDA:4,73,1,0
BRDA:4,74,0,0
BRDA:4,74,1,0
BRDA:4,75,0,0
BRDA:4,75,1,0
BRDA:4,76,0,0
BRDA:4,76,1,0
BRDA:4,77,0,0
BRDA:4,77,1,0
BRDA:4,78,0,0
BRDA:4,78,1,0
BRDA:4,79,0,0
BRDA:4,79,1,0
BRDA:4,80,0,0
BRDA:4,80,1,0
BRDA:4,81,0,0
BRDA:4,81,1,0
BRDA:4,82,0,0
BRDA:4,82,1,0
BRDA:4,83,0,0
BRDA:4,83,1,0
BRDA:4,84,0,0
BRDA:4,84,1,0
BRDA:4,85,0,0
BRDA:4,85,1,0
BRDA:4,86,0,0
BRDA:4,86,1,0
BRDA:4,87,0,0
BRDA:4,87,1,0
BRDA:4,87,2,0
BRDA:4,88,0,0
BRDA:4,88,1,0
BRDA:4,89,0,0
BRDA:4,89,1,0
BRDA:4,90,0,0
BRDA:4,90,1,0
BRDA:4,91,0,0
BRDA:4,91,1,0
BRDA:4,91,2,0
BRDA:4,92,0,0
BRDA:4,92,1,0
BRDA:4,93,0,0
BRDA:4,93,1,0
BRDA:4,94,0,0
BRDA:4,94,1,0
BRDA:4,95,0,0
BRDA:4,95,1,0
BRDA:4,96,0,0
BRDA:4,96,1,0
BRDA:4,97,0,0
BRDA:4,97,1,0
BRDA:4,98,0,0
BRDA:4,98,1,0
BRDA:4,99,0,0
BRDA:4,99,1,0
BRDA:4,100,0,0
BRDA:4,100,1,0
BRDA:4,101,0,0
BRDA:4,101,1,0
BRDA:4,102,0,0
BRDA:4,102,1,0
BRDA:4,103,0,0
BRDA:4,103,1,0
BRDA:4,104,0,0
BRDA:4,104,1,0
BRDA:4,104,2,0
BRDA:4,105,0,0
BRDA:4,105,1,0
BRDA:4,105,2,0
BRDA:4,106,0,0
BRDA:4,106,1,0
BRDA:4,106,2,0
BRDA:4,107,0,0
BRDA:4,107,1,0
BRDA:4,108,0,0
BRDA:4,108,1,0
BRDA:4,109,0,0
BRDA:4,109,1,0
BRDA:4,110,0,0
BRDA:4,110,1,0
BRDA:4,111,0,0
BRDA:4,111,1,0
BRDA:4,112,0,0
BRDA:4,112,1,0
BRDA:4,113,0,0
BRDA:4,113,1,0
BRDA:4,114,0,0
BRDA:4,114,1,0
BRDA:4,115,0,0
BRDA:4,115,1,0
BRDA:4,116,0,0
BRDA:4,116,1,0
BRDA:4,117,0,0
BRDA:4,117,1,0
BRDA:4,117,2,0
BRDA:4,118,0,0
BRDA:4,118,1,0
BRDA:4,118,2,0
BRDA:4,119,0,0
BRDA:4,119,1,0
BRDA:4,119,2,0
BRDA:4,120,0,0
BRDA:4,120,1,0
BRDA:4,121,0,0
BRDA:4,121,1,0
BRDA:4,122,0,0
BRDA:4,122,1,0
BRDA:4,123,0,0
BRDA:4,123,1,0
BRDA:4,124,0,0
BRDA:4,124,1,0
BRDA:4,125,0,0
BRDA:4,125,1,0
BRDA:4,126,0,0
BRDA:4,126,1,0
BRDA:4,127,0,0
BRDA:4,127,1,0
BRDA:4,128,0,0
BRDA:4,128,1,0
BRDA:4,129,0,0
BRDA:4,129,1,0
BRDA:4,130,0,0
BRDA:4,130,1,0
BRDA:4,131,0,0
BRDA:4,131,1,0
BRDA:4,132,0,0
BRDA:4,132,1,0
BRDA:4,133,0,0
BRDA:4,133,1,0
BRDA:4,134,0,0
BRDA:4,134,1,0
BRDA:4,134,2,0
BRDA:4,135,0,0
BRDA:4,135,1,0
BRDA:4,136,0,0
BRDA:4,136,1,0
BRDA:4,137,0,0
BRDA:4,137,1,0
BRF:299
BRH:0
end_of_record
TN:
SF:c:\Users\46885473820\Documents\gitHub\SenaiLessons\C#Web\WebMvc\wwwroot\lib\jquery-validation\dist\jquery.validate.js
FN:9,(anonymous_0)
FN:17,(anonymous_1)
FN:22,(anonymous_2)
FN:46,(anonymous_3)
FN:64,(anonymous_4)
FN:70,handle
FN:122,(anonymous_6)
FN:131,(anonymous_7)
FN:143,(anonymous_8)
FN:182,(anonymous_9)
FN:221,(anonymous_10)
FN:226,(anonymous_11)
FN:232,(anonymous_12)
FN:238,(anonymous_13)
FN:245,(anonymous_14)
FN:247,(anonymous_15)
FN:262,(anonymous_16)
FN:263,(anonymous_17)
FN:287,(anonymous_18)
FN:298,(anonymous_19)
FN:303,(anonymous_20)
FN:330,(anonymous_21)
FN:341,(anonymous_22)
FN:348,(anonymous_23)
FN:358,(anonymous_24)
FN:385,(anonymous_25)
FN:398,(anonymous_26)
FN:402,(anonymous_27)
FN:407,(anonymous_28)
FN:411,delegate
FN:444,(anonymous_30)
FN:455,(anonymous_31)
FN:464,(anonymous_32)
FN:481,(anonymous_33)
FN:515,(anonymous_34)
FN:521,(anonymous_35)
FN:529,(anonymous_36)
FN:541,(anonymous_37)
FN:556,(anonymous_38)
FN:572,(anonymous_39)
FN:576,(anonymous_40)
FN:591,(anonymous_41)
FN:595,(anonymous_42)
FN:600,(anonymous_43)
FN:604,(anonymous_44)
FN:608,(anonymous_45)
FN:624,(anonymous_46)
FN:626,(anonymous_47)
FN:631,(anonymous_48)
FN:640,(anonymous_49)
FN:662,(anonymous_50)
FN:666,(anonymous_51)
FN:671,(anonymous_52)
FN:679,(anonymous_53)
FN:684,(anonymous_54)
FN:689,(anonymous_55)
FN:694,(anonymous_56)
FN:741,(anonymous_57)
FN:745,(anonymous_58)
FN:819,(anonymous_59)
FN:825,(anonymous_60)
FN:831,(anonymous_61)
FN:849,(anonymous_62)
FN:873,(anonymous_63)
FN:886,(anonymous_64)
FN:893,(anonymous_65)
FN:920,(anonymous_66)
FN:924,(anonymous_67)
FN:925,(anonymous_68)
FN:930,(anonymous_69)
FN:992,(anonymous_70)
FN:1012,(anonymous_71)
FN:1031,(anonymous_72)
FN:1035,(anonymous_73)
FN:1039,(anonymous_74)
FN:1050,(anonymous_75)
FN:1054,(anonymous_76)
FN:1058,(anonymous_77)
FN:1070,(anonymous_78)
FN:1075,(anonymous_79)
FN:1078,(anonymous_80)
FN:1081,(anonymous_81)
FN:1086,(anonymous_82)
FN:1091,(anonymous_83)
FN:1099,(anonymous_84)
[...]
BRDA:2,884,0,0
BRDA:2,884,1,0
BRDA:2,885,0,0
BRDA:2,885,1,0
BRDA:2,886,0,0
BRDA:2,886,1,0
BRDA:2,887,0,0
BRDA:2,887,1,0
BRDA:2,888,0,0
BRDA:2,888,1,0
BRDA:2,889,0,0
BRDA:2,889,1,0
BRDA:2,890,0,0
BRDA:2,890,1,0
BRDA:2,891,0,0
BRDA:2,891,1,0
BRDA:2,891,2,0
BRDA:2,892,0,0
BRDA:2,892,1,0
BRDA:2,893,0,0
BRDA:2,893,1,0
BRDA:2,894,0,0
BRDA:2,894,1,0
BRDA:2,894,2,0
BRDA:2,895,0,0
BRDA:2,895,1,0
BRDA:2,895,2,0
BRDA:2,895,3,0
BRDA:2,896,0,0
BRDA:2,896,1,0
BRDA:2,897,0,0
BRDA:2,897,1,0
BRDA:2,898,0,0
BRDA:2,898,1,0
BRDA:2,899,0,0
BRDA:2,899,1,0
BRDA:2,900,0,0
BRDA:2,900,1,0
BRDA:2,901,0,0
BRDA:2,901,1,0
BRDA:2,902,0,0
BRDA:2,902,1,0
BRDA:2,902,2,0
BRDA:2,902,3,0
BRDA:2,903,0,0
BRDA:2,903,1,0
BRDA:2,904,0,0
BRDA:2,904,1,0
BRDA:2,905,0,0
BRDA:2,905,1,0
BRDA:2,906,0,0
BRDA:2,906,1,0
BRDA:2,907,0,0
BRDA:2,907,1,0
BRDA:2,907,2,0
BRDA:2,908,0,0
BRDA:2,908,1,0
BRDA:2,908,2,0
BRDA:2,908,3,0
BRDA:2,909,0,0
BRDA:2,909,1,0
BRDA:2,909,2,0
BRDA:2,910,0,0
BRDA:2,910,1,0
BRDA:2,911,0,0
BRDA:2,911,1,0
BRDA:2,911,2,0
BRDA:2,912,0,0
BRDA:2,912,1,0
BRDA:2,913,0,0
BRDA:2,913,1,0
BRDA:2,913,2,0
BRDA:2,913,3,0
BRDA:2,914,0,0
BRDA:2,914,1,0
BRDA:2,914,2,0
BRDA:2,914,3,0
BRDA:2,915,0,0
BRDA:2,915,1,0
BRDA:2,916,0,0
BRDA:2,916,1,0
BRDA:2,917,0,0
BRDA:2,917,1,0
BRDA:2,917,2,0
BRDA:2,918,0,0
BRDA:2,918,1,0
BRDA:2,919,0,0
BRDA:2,919,1,0
BRDA:2,920,0,0
BRDA:2,920,1,0
BRDA:2,920,2,0
BRDA:2,921,0,0
BRDA:2,921,1,0
BRDA:2,922,0,0
BRDA:2,922,1,0
BRDA:2,923,0,0
BRDA:2,923,1,0
BRDA:2,924,0,0
BRDA:2,924,1,0
BRDA:2,925,0,0
BRDA:2,925,1,0
BRDA:2,926,0,0
BRDA:2,926,1,0
BRDA:2,927,0,0
BRDA:2,927,1,0
BRDA:2,928,0,0
BRDA:2,928,1,0
BRDA:2,928,2,0
BRDA:2,929,0,0
BRDA:2,929,1,0
BRDA:2,930,0,0
BRDA:2,930,1,0
BRDA:2,930,2,0
BRDA:2,931,0,0
BRDA:2,931,1,0
BRDA:2,931,2,0
BRDA:2,931,3,0
BRDA:2,932,0,0
BRDA:2,932,1,0
BRDA:2,933,0,0
BRDA:2,933,1,0
BRDA:2,934,0,0
BRDA:2,934,1,0
BRDA:2,935,0,0
BRDA:2,935,1,0
BRDA:2,935,2,0
BRDA:2,936,0,0
BRDA:2,936,1,0
BRDA:2,937,0,0
BRDA:2,937,1,0
BRDA:2,938,0,0
BRDA:2,938,1,0
BRDA:2,939,0,0
BRDA:2,939,1,0
BRDA:2,940,0,0
BRDA:2,940,1,0
BRDA:2,941,0,0
BRDA:2,941,1,0
BRDA:2,942,0,0
BRDA:2,942,1,0
BRDA:2,943,0,0
BRDA:2,943,1,0
BRDA:2,944,0,0
BRDA:2,944,1,0
BRDA:2,945,0,0
BRDA:2,945,1,0
BRDA:2,946,0,0
BRDA:2,946,1,0
BRDA:2,947,0,0
BRDA:2,947,1,0
BRDA:2,948,0,0
BRDA:2,948,1,0
BRDA:2,949,0,0
BRDA:2,949,1,0
BRDA:2,949,2,0
BRDA:2,950,0,0
BRDA:2,950,1,0
BRDA:2,951,0,0
BRDA:2,951,1,0
BRDA:2,952,0,0
BRDA:2,952,1,0
BRDA:2,953,0,0
BRDA:2,953,1,0
BRDA:2,954,0,0
BRDA:2,954,1,0
BRDA:2,954,2,0
BRDA:2,955,0,0
BRDA:2,955,1,0
BRDA:2,955,2,0
BRDA:2,956,0,0
BRDA:2,956,1,0
BRDA:2,957,0,0
BRDA:2,957,1,0
BRDA:2,958,0,0
BRDA:2,958,1,0
BRDA:2,959,0,0
BRDA:2,959,1,0
BRDA:2,960,0,0
BRDA:2,960,1,0
BRDA:2,961,0,0
BRDA:2,961,1,0
BRDA:2,962,0,0
BRDA:2,962,1,0
BRDA:2,963,0,0
BRDA:2,963,1,0
BRDA:2,964,0,0
BRDA:2,964,1,0
BRDA:2,965,0,0
BRDA:2,965,1,0
BRDA:2,966,0,0
BRDA:2,966,1,0
BRDA:2,967,0,0
BRDA:2,967,1,0
BRDA:2,968,0,0
BRDA:2,968,1,0
BRDA:2,969,0,0
BRDA:2,969,1,0
BRDA:2,970,0,0
BRDA:2,970,1,0
BRDA:2,971,0,0
BRDA:2,971,1,0
BRDA:2,972,0,0
BRDA:2,972,1,0
BRDA:2,973,0,0
BRDA:2,973,1,0
BRDA:2,973,2,0
BRDA:2,974,0,0
BRDA:2,974,1,0
BRDA:2,974,2,0
BRDA:2,975,0,0
BRDA:2,975,1,0
BRDA:2,976,0,0
BRDA:2,976,1,0
BRDA:2,977,0,0
BRDA:2,977,1,0
BRDA:2,977,2,0
BRDA:2,978,0,0
BRDA:2,978,1,0
BRDA:2,979,0,0
BRDA:2,979,1,0
BRDA:2,980,0,0
BRDA:2,980,1,0
BRDA:2,981,0,0
BRDA:2,981,1,0
BRDA:2,982,0,0
BRDA:2,982,1,0
BRDA:2,983,0,0
BRDA:2,983,1,0
BRDA:2,983,2,0
BRDA:2,983,3,0
BRDA:2,983,4,0
BRDA:2,984,0,0
BRDA:2,984,1,0
BRDA:2,985,0,0
BRDA:2,985,1,0
BRDA:2,986,0,0
BRDA:2,986,1,0
BRDA:2,987,0,0
BRDA:2,987,1,0
BRDA:2,988,0,0
BRDA:2,988,1,0
BRDA:2,989,0,0
BRDA:2,989,1,0
BRDA:2,990,0,0
BRDA:2,990,1,0
BRDA:2,991,0,0
BRDA:2,991,1,0
BRDA:2,992,0,0
BRDA:2,992,1,0
BRDA:2,993,0,0
BRDA:2,993,1,0
BRDA:2,994,0,0
BRDA:2,994,1,0
BRDA:2,995,0,0
BRDA:2,995,1,0
BRDA:2,996,0,0
BRDA:2,996,1,0
BRDA:2,997,0,0
BRDA:2,997,1,0
BRDA:2,998,0,0
BRDA:2,998,1,0
BRDA:2,999,0,0
BRDA:2,999,1,0
BRDA:2,1000,0,0
BRDA:2,1000,1,0
BRDA:2,1001,0,0
BRDA:2,1001,1,0
BRDA:2,1002,0,0
BRDA:2,1002,1,0
BRDA:2,1003,0,0
BRDA:2,1003,1,0
BRDA:2,1004,0,0
BRDA:2,1004,1,0
BRDA:2,1005,0,0
BRDA:2,1005,1,0
BRDA:2,1006,0,0
BRDA:2,1006,1,0
BRDA:2,1007,0,0
BRDA:2,1007,1,0
BRDA:2,1008,0,0
BRDA:2,1008,1,0
BRDA:2,1009,0,0
BRDA:2,1009,1,0
BRDA:2,1010,0,0
BRDA:2,1010,1,0
BRDA:2,1011,0,0
BRDA:2,1011,1,0
BRDA:2,1012,0,0
BRDA:2,1012,1,0
BRDA:2,1013,0,0
BRDA:2,1013,1,0
BRDA:2,1014,0,0
BRDA:2,1014,1,0
BRDA:2,1015,0,0
BRDA:2,1015,1,0
BRDA:2,1016,0,0
BRDA:2,1016,1,0
BRDA:2,1017,0,0
BRDA:2,1017,1,0
BRDA:2,1018,0,0
BRDA:2,1018,1,0
BRDA:2,1019,0,0
BRDA:2,1019,1,0
BRDA:2,1019,2,0
BRDA:2,1019,3,0
BRDA:2,1019,4,0
BRDA:2,1020,0,0
BRDA:2,1020,1,0
BRDA:2,1020,2,0
BRDA:2,1020,3,0
BRDA:2,1020,4,0
BRDA:2,1021,0,0
BRDA:2,1021,1,0
BRDA:2,1022,0,0
BRDA:2,1022,1,0
BRDA:2,1023,0,0
BRDA:2,1023,1,0
BRDA:2,1024,0,0
BRDA:2,1024,1,0
BRDA:2,1024,2,0
BRDA:2,1025,0,0
BRDA:2,1025,1,0
BRDA:2,1026,0,0
BRDA:2,1026,1,0
BRDA:2,1027,0,0
BRDA:2,1027,1,0
BRDA:2,1027,2,0
BRDA:2,1028,0,0
BRDA:2,1028,1,0
BRDA:2,1029,0,0
BRDA:2,1029,1,0
BRDA:2,1030,0,0
BRDA:2,1030,1,0
BRDA:2,1031,0,0
BRDA:2,1031,1,0
BRDA:2,1031,2,0
BRDA:2,1032,0,0
BRDA:2,1032,1,0
BRDA:2,1033,0,0
BRDA:2,1033,1,0
BRDA:2,1034,0,0
BRDA:2,1034,1,0
BRDA:2,1035,0,0
BRDA:2,1035,1,0
BRDA:2,1035,2,0
BRDA:2,1036,0,0
BRDA:2,1036,1,0
BRDA:2,1036,2,0
BRDA:2,1036,3,0
BRDA:2,1037,0,0
BRDA:2,1037,1,0
BRDA:2,1037,2,0
BRDA:2,1037,3,0
BRDA:2,1038,0,0
BRDA:2,1038,1,0
BRDA:2,1038,2,0
BRDA:2,1039,0,0
BRDA:2,1039,1,0
BRDA:2,1040,0,0
BRDA:2,1040,1,0
BRDA:2,1041,0,0
BRDA:2,1041,1,0
BRDA:2,1042,0,0
BRDA:2,1042,1,0
BRDA:2,1042,2,0
BRDA:2,1043,0,0
BRDA:2,1043,1,0
BRDA:2,1043,2,0
BRDA:2,1044,0,0
BRDA:2,1044,1,0
BRDA:2,1044,2,0
BRDA:2,1045,0,0
BRDA:2,1045,1,0
BRDA:2,1046,0,0
BRDA:2,1046,1,0
BRDA:2,1047,0,0
BRDA:2,1047,1,0
BRDA:2,1047,2,0
BRDA:2,1048,0,0
BRDA:2,1048,1,0
BRDA:2,1049,0,0
BRDA:2,1049,1,0
BRDA:2,1050,0,0
BRDA:2,1050,1,0
BRDA:2,1051,0,0
BRDA:2,1051,1,0
BRDA:2,1052,0,0
BRDA:2,1052,1,0
BRDA:2,1053,0,0
BRDA:2,1053,1,0
BRDA:2,1054,0,0
BRDA:2,1054,1,0
BRDA:2,1054,2,0
BRDA:2,1055,0,0
BRDA:2,1055,1,0
BRDA:2,1056,0,0
BRDA:2,1056,1,0
BRDA:2,1056,2,0
BRDA:2,1057,0,0
BRDA:2,1057,1,0
BRDA:2,1058,0,0
BRDA:2,1058,1,0
BRDA:2,1059,0,0
BRDA:2,1059,1,0
BRDA:2,1060,0,0
BRDA:2,1060,1,0
BRDA:2,1061,0,0
BRDA:2,1061,1,0
BRDA:2,1062,0,0
BRDA:2,1062,1,0
BRDA:2,1062,2,0
BRDA:2,1063,0,0
BRDA:2,1063,1,0
BRDA:2,1064,0,0
BRDA:2,1064,1,0
BRDA:2,1064,2,0
BRDA:2,1065,0,0
BRDA:2,1065,1,0
BRDA:2,1066,0,0
BRDA:2,1066,1,0
BRDA:2,1067,0,0
BRDA:2,1067,1,0
BRDA:2,1067,2,0
BRDA:2,1068,0,0
BRDA:2,1068,1,0
BRDA:2,1069,0,0
BRDA:2,1069,1,0
BRDA:2,1070,0,0
BRDA:2,1070,1,0
BRDA:2,1071,0,0
BRDA:2,1071,1,0
BRDA:2,1072,0,0
BRDA:2,1072,1,0
BRDA:2,1073,0,0
BRDA:2,1073,1,0
BRDA:2,1074,0,0
BRDA:2,1074,1,0
BRDA:2,1075,0,0
BRDA:2,1075,1,0
BRDA:2,1076,0,0
BRDA:2,1076,1,0
BRDA:2,1077,0,0
BRDA:2,1077,1,0
BRDA:2,1078,0,0
BRDA:2,1078,1,0
BRDA:2,1078,2,0
BRDA:2,1079,0,0
BRDA:2,1079,1,0
BRDA:2,1079,2,0
BRDA:2,1080,0,0
BRDA:2,1080,1,0
BRDA:2,1081,0,0
BRDA:2,1081,1,0
BRDA:2,1082,0,0
BRDA:2,1082,1,0
BRDA:2,1083,0,0
BRDA:2,1083,1,0
BRDA:2,1083,2,0
BRDA:2,1084,0,0
BRDA:2,1084,1,0
BRDA:2,1085,0,0
BRDA:2,1085,1,0
BRDA:2,1085,2,0
BRDA:2,1086,0,0
BRDA:2,1086,1,0
BRDA:2,1087,0,0
BRDA:2,1087,1,0
BRDA:2,1088,0,0
BRDA:2,1088,1,0
BRDA:2,1088,2,0
BRDA:2,1089,0,0
BRDA:2,1089,1,0
BRDA:2,1090,0,0
BRDA:2,1090,1,0
BRDA:2,1090,2,0
BRDA:2,1091,0,0
BRDA:2,1091,1,0
BRDA:2,1092,0,0
BRDA:2,1092,1,0
BRDA:2,1093,0,0
BRDA:2,1093,1,0
BRDA:2,1094,0,0
BRDA:2,1094,1,0
BRDA:2,1094,2,0
BRDA:2,1095,0,0
BRDA:2,1095,1,0
BRDA:2,1096,0,0
BRDA:2,1096,1,0
BRDA:2,1097,0,0
BRDA:2,1097,1,0
BRDA:2,1098,0,0
BRDA:2,1098,1,0
BRDA:2,1099,0,0
BRDA:2,1099,1,0
BRDA:2,1100,0,0
BRDA:2,1100,1,0
BRDA:2,1101,0,0
BRDA:2,1101,1,0
BRDA:2,1102,0,0
BRDA:2,1102,1,0
BRDA:2,1103,0,0
BRDA:2,1103,1,0
BRDA:2,1104,0,0
BRDA:2,1104,1,0
BRDA:2,1105,0,0
BRDA:2,1105,1,0
BRDA:2,1106,0,0
BRDA:2,1106,1,0
BRDA:2,1107,0,0
BRDA:2,1107,1,0
BRDA:2,1108,0,0
BRDA:2,1108,1,0
BRDA:2,1109,0,0
BRDA:2,1109,1,0
BRDA:2,1110,0,0
BRDA:2,1110,1,0
BRDA:2,1111,0,0
BRDA:2,1111,1,0
BRDA:2,1112,0,0
BRDA:2,1112,1,0
BRDA:2,1113,0,0
BRDA:2,1113,1,0
BRDA:2,1114,0,0
BRDA:2,1114,1,0
BRDA:2,1115,0,0
BRDA:2,1115,1,0
BRDA:2,1116,0,0
BRDA:2,1116,1,0
BRDA:2,1117,0,0
BRDA:2,1117,1,0
BRDA:2,1117,2,0
BRDA:2,1118,0,0
BRDA:2,1118,1,0
BRDA:2,1119,0,0
BRDA:2,1119,1,0
BRDA:2,1120,0,0
BRDA:2,1120,1,0
BRDA:2,1121,0,0
BRDA:2,1121,1,0
BRDA:2,1122,0,0
BRDA:2,1122,1,0
BRDA:2,1123,0,0
BRDA:2,1123,1,0
BRDA:2,1124,0,0
BRDA:2,1124,1,0
BRDA:2,1125,0,0
BRDA:2,1125,1,0
BRDA:2,1126,0,0
BRDA:2,1126,1,0
BRDA:2,1127,0,0
BRDA:2,1127,1,0
BRDA:2,1128,0,0
BRDA:2,1128,1,0
BRDA:2,1129,0,0
BRDA:2,1129,1,0
BRDA:2,1130,0,0
BRDA:2,1130,1,0
BRDA:2,1131,0,0
BRDA:2,1131,1,0
BRDA:2,1132,0,0
BRDA:2,1132,1,0
BRDA:2,1132,2,0
BRDA:2,1132,3,0
BRDA:2,1133,0,0
BRDA:2,1133,1,0
BRDA:2,1134,0,0
BRDA:2,1134,1,0
BRDA:2,1135,0,0
BRDA:2,1135,1,0
BRDA:2,1136,0,0
BRDA:2,1136,1,0
BRDA:2,1136,2,0
BRDA:2,1137,0,0
BRDA:2,1137,1,0
BRDA:2,1138,0,0
BRDA:2,1138,1,0
BRDA:2,1139,0,0
BRDA:2,1139,1,0
BRDA:2,1140,0,0
BRDA:2,1140,1,0
BRDA:2,1141,0,0
BRDA:2,1141,1,0
BRDA:2,1142,0,0
BRDA:2,1142,1,0
BRDA:2,1143,0,0
BRDA:2,1143,1,0
BRDA:2,1144,0,0
BRDA:2,1144,1,0
BRDA:2,1145,0,0
BRDA:2,1145,1,0
BRDA:2,1146,0,0
BRDA:2,1146,1,0
BRDA:2,1146,2,0
BRDA:2,1146,3,0
BRDA:2,1146,4,0
BRDA:2,1147,0,0
BRDA:2,1147,1,0
BRDA:2,1148,0,0
BRDA:2,1148,1,0
BRDA:2,1149,0,0
BRDA:2,1149,1,0
BRDA:2,1150,0,0
BRDA:2,1150,1,0
BRDA:2,1151,0,0
BRDA:2,1151,1,0
BRDA:2,1152,0,0
BRDA:2,1152,1,0
BRDA:2,1153,0,0
BRDA:2,1153,1,0
BRDA:2,1154,0,0
BRDA:2,1154,1,0
BRDA:2,1155,0,0
BRDA:2,1155,1,0
BRDA:2,1156,0,0
BRDA:2,1156,1,0
BRDA:2,1157,0,0
BRDA:2,1157,1,0
BRDA:2,1158,0,0
BRDA:2,1158,1,0
BRDA:2,1158,2,0
BRDA:2,1158,3,0
BRDA:2,1159,0,0
BRDA:2,1159,1,0
BRDA:2,1160,0,0
BRDA:2,1160,1,0
BRDA:2,1161,0,0
BRDA:2,1161,1,0
BRDA:2,1162,0,0
BRDA:2,1162,1,0
BRDA:2,1163,0,0
BRDA:2,1163,1,0
BRDA:2,1164,0,0
BRDA:2,1164,1,0
BRDA:2,1165,0,0
BRDA:2,1165,1,0
BRDA:2,1166,0,0
BRDA:2,1166,1,0
BRDA:2,1167,0,0
BRDA:2,1167,1,0
BRDA:2,1168,0,0
BRDA:2,1168,1,0
BRDA:2,1168,2,0
BRDA:2,1169,0,0
BRDA:2,1169,1,0
BRDA:2,1170,0,0
BRDA:2,1170,1,0
BRDA:2,1170,2,0
BRDA:2,1171,0,0
BRDA:2,1171,1,0
BRDA:2,1172,0,0
BRDA:2,1172,1,0
BRDA:2,1173,0,0
BRDA:2,1173,1,0
BRDA:2,1174,0,0
BRDA:2,1174,1,0
BRDA:2,1175,0,0
BRDA:2,1175,1,0
BRDA:2,1175,2,0
BRDA:2,1176,0,0
BRDA:2,1176,1,0
BRDA:2,1177,0,0
BRDA:2,1177,1,0
BRDA:2,1178,0,0
BRDA:2,1178,1,0
BRDA:2,1179,0,0
BRDA:2,1179,1,0
BRDA:2,1180,0,0
BRDA:2,1180,1,0
BRDA:2,1181,0,0
BRDA:2,1181,1,0
BRDA:2,1182,0,0
BRDA:2,1182,1,0
BRDA:2,1182,2,0
BRDA:2,1182,3,0
BRDA:2,1183,0,0
BRDA:2,1183,1,0
BRDA:2,1184,0,0
BRDA:2,1184,1,0
BRDA:2,1185,0,0
BRDA:2,1185,1,0
BRDA:2,1185,2,0
BRDA:2,1185,3,0
BRDA:2,1185,4,0
BRDA:2,1185,5,0
BRDA:2,1185,6,0
BRDA:2,1185,7,0
BRDA:2,1185,8,0
BRDA:2,1186,0,0
BRDA:2,1186,1,0
BRDA:2,1187,0,0
BRDA:2,1187,1,0
BRDA:2,1188,0,0
BRDA:2,1188,1,0
BRDA:2,1189,0,0
BRDA:2,1189,1,0
BRDA:2,1190,0,0
BRDA:2,1190,1,0
BRDA:2,1191,0,0
BRDA:2,1191,1,0
BRDA:2,1192,0,0
BRDA:2,1192,1,0
BRDA:2,1193,0,0
BRDA:2,1193,1,0
BRDA:2,1194,0,0
BRDA:2,1194,1,0
BRDA:2,1195,0,0
BRDA:2,1195,1,0
BRDA:2,1196,0,0
BRDA:2,1196,1,0
BRDA:2,1197,0,0
BRDA:2,1197,1,0
BRDA:2,1198,0,0
BRDA:2,1198,1,0
BRDA:2,1199,0,0
BRDA:2,1199,1,0
BRDA:2,1199,2,0
BRDA:2,1200,0,0
BRDA:2,1200,1,0
BRDA:2,1201,0,0
BRDA:2,1201,1,0
BRDA:2,1202,0,0
BRDA:2,1202,1,0
BRDA:2,1203,0,0
BRDA:2,1203,1,0
BRDA:2,1204,0,0
BRDA:2,1204,1,0
BRDA:2,1205,0,0
BRDA:2,1205,1,0
BRDA:2,1206,0,0
BRDA:2,1206,1,0
BRDA:2,1207,0,0
BRDA:2,1207,1,0
BRDA:2,1208,0,0
BRDA:2,1208,1,0
BRDA:2,1209,0,0
BRDA:2,1209,1,0
BRDA:2,1210,0,0
BRDA:2,1210,1,0
BRDA:2,1210,2,0
BRDA:2,1211,0,0
BRDA:2,1211,1,0
BRDA:2,1212,0,0
BRDA:2,1212,1,0
BRDA:2,1212,2,0
BRDA:2,1212,3,0
BRDA:2,1212,4,0
BRDA:2,1212,5,0
BRDA:2,1213,0,0
BRDA:2,1213,1,0
BRDA:2,1214,0,0
BRDA:2,1214,1,0
BRDA:2,1215,0,0
BRDA:2,1215,1,0
BRDA:2,1216,0,0
BRDA:2,1216,1,0
BRDA:2,1217,0,0
BRDA:2,1217,1,0
BRDA:2,1218,0,0
BRDA:2,1218,1,0
BRDA:2,1219,0,0
BRDA:2,1219,1,0
BRDA:2,1220,0,0
BRDA:2,1220,1,0
BRDA:2,1221,0,0
BRDA:2,1221,1,0
BRDA:2,1222,0,0
BRDA:2,1222,1,0
BRDA:2,1223,0,0
BRDA:2,1223,1,0
BRDA:2,1224,0,0
BRDA:2,1224,1,0
BRDA:2,1224,2,0
BRDA:2,1225,0,0
BRDA:2,1225,1,0
BRDA:2,1226,0,0
BRDA:2,1226,1,0
BRDA:2,1226,2,0
BRDA:2,1227,0,0
BRDA:2,1227,1,0
BRDA:2,1228,0,0
BRDA:2,1228,1,0
BRDA:2,1229,0,0
BRDA:2,1229,1,0
BRDA:2,1230,0,0
BRDA:2,1230,1,0
BRDA:2,1231,0,0
BRDA:2,1231,1,0
BRDA:2,1232,0,0
BRDA:2,1232,1,0
BRDA:2,1233,0,0
BRDA:2,1233,1,0
BRDA:2,1234,0,0
BRDA:2,1234,1,0
BRDA:2,1235,0,0
BRDA:2,1235,1,0
BRDA:2,1236,0,0
BRDA:2,1236,1,0
BRDA:2,1237,0,0
BRDA:2,1237,1,0
BRDA:2,1238,0,0
BRDA:2,1238,1,0
BRDA:2,1239,0,0
BRDA:2,1239,1,0
BRDA:2,1240,0,0
BRDA:2,1240,1,0
BRDA:2,1241,0,0
BRDA:2,1241,1,0
BRDA:2,1242,0,0
BRDA:2,1242,1,0
BRDA:2,1243,0,0
BRDA:2,1243,1,0
BRDA:2,1244,0,0
BRDA:2,1244,1,0
BRDA:2,1245,0,0
BRDA:2,1245,1,0
BRDA:2,1246,0,0
BRDA:2,1246,1,0
BRDA:2,1247,0,0
BRDA:2,1247,1,0
BRDA:2,1247,2,0
BRDA:2,1247,3,0
BRDA:2,1248,0,0
BRDA:2,1248,1,0
BRDA:2,1249,0,0
BRDA:2,1249,1,0
BRDA:2,1250,0,0
BRDA:2,1250,1,0
BRDA:2,1251,0,0
BRDA:2,1251,1,0
BRDA:2,1252,0,0
BRDA:2,1252,1,0
BRDA:2,1253,0,0
BRDA:2,1253,1,0
BRDA:2,1254,0,0
BRDA:2,1254,1,0
BRDA:2,1255,0,0
BRDA:2,1255,1,0
BRDA:2,1256,0,0
BRDA:2,1256,1,0
BRDA:2,1257,0,0
BRDA:2,1257,1,0
BRDA:2,1258,0,0
BRDA:2,1258,1,0
BRDA:2,1259,0,0
BRDA:2,1259,1,0
BRDA:2,1260,0,0
BRDA:2,1260,1,0
BRDA:2,1261,0,0
BRDA:2,1261,1,0
BRDA:2,1262,0,0
BRDA:2,1262,1,0
BRDA:2,1263,0,0
BRDA:2,1263,1,0
BRDA:2,1264,0,0
BRDA:2,1264,1,0
BRDA:2,1265,0,0
BRDA:2,1265,1,0
BRDA:2,1266,0,0
BRDA:2,1266,1,0
BRDA:2,1267,0,0
BRDA:2,1267,1,0
BRDA:2,1267,2,0
BRDA:2,1268,0,0
BRDA:2,1268,1,0
BRDA:2,1269,0,0
BRDA:2,1269,1,0
BRDA:2,1270,0,0
BRDA:2,1270,1,0
BRDA:2,1271,0,0
BRDA:2,1271,1,0
BRDA:2,1272,0,0
BRDA:2,1272,1,0
BRDA:2,1273,0,0
BRDA:2,1273,1,0
BRDA:2,1274,0,0
BRDA:2,1274,1,0
BRDA:2,1275,0,0
BRDA:2,1275,1,0
BRDA:2,1276,0,0
BRDA:2,1276,1,0
BRDA:2,1277,0,0
BRDA:2,1277,1,0
BRDA:2,1278,0,0
BRDA:2,1278,1,0
BRDA:2,1279,0,0
BRDA:2,1279,1,0
BRDA:2,1280,0,0
BRDA:2,1280,1,0
BRDA:2,1281,0,0
BRDA:2,1281,1,0
BRDA:2,1281,2,0
BRDA:2,1282,0,0
BRDA:2,1282,1,0
BRDA:2,1282,2,0
BRDA:2,1282,3,0
BRDA:2,1283,0,0
BRDA:2,1283,1,0
BRDA:2,1284,0,0
BRDA:2,1284,1,0
BRDA:2,1285,0,0
BRDA:2,1285,1,0
BRDA:2,1286,0,0
BRDA:2,1286,1,0
BRDA:2,1286,2,0
BRDA:2,1286,3,0
BRDA:2,1287,0,0
BRDA:2,1287,1,0
BRDA:2,1287,2,0
BRDA:2,1288,0,0
BRDA:2,1288,1,0
BRDA:2,1289,0,0
BRDA:2,1289,1,0
BRDA:2,1290,0,0
BRDA:2,1290,1,0
BRDA:2,1290,2,0
BRDA:2,1290,3,0
BRDA:2,1291,0,0
BRDA:2,1291,1,0
BRDA:2,1292,0,0
BRDA:2,1292,1,0
BRDA:2,1292,2,0
BRDA:2,1292,3,0
BRDA:2,1293,0,0
BRDA:2,1293,1,0
BRDA:2,1294,0,0
BRDA:2,1294,1,0
BRDA:2,1295,0,0
BRDA:2,1295,1,0
BRDA:2,1296,0,0
BRDA:2,1296,1,0
BRDA:2,1297,0,0
BRDA:2,1297,1,0
BRDA:2,1298,0,0
BRDA:2,1298,1,0
BRDA:2,1299,0,0
BRDA:2,1299,1,0
BRDA:2,1299,2,0
BRDA:2,1299,3,0
BRDA:2,1299,4,0
BRDA:2,1300,0,0
BRDA:2,1300,1,0
BRDA:2,1301,0,0
BRDA:2,1301,1,0
BRDA:2,1302,0,0
BRDA:2,1302,1,0
BRDA:2,1303,0,0
BRDA:2,1303,1,0
BRDA:2,1304,0,0
BRDA:2,1304,1,0
BRDA:2,1304,2,0
BRDA:2,1305,0,0
BRDA:2,1305,1,0
BRDA:2,1306,0,0
BRDA:2,1306,1,0
BRDA:2,1307,0,0
BRDA:2,1307,1,0
BRDA:2,1308,0,0
BRDA:2,1308,1,0
BRDA:2,1308,2,0
BRDA:2,1309,0,0
BRDA:2,1309,1,0
BRDA:2,1310,0,0
BRDA:2,1310,1,0
BRDA:2,1311,0,0
BRDA:2,1311,1,0
BRDA:2,1312,0,0
BRDA:2,1312,1,0
BRDA:2,1313,0,0
BRDA:2,1313,1,0
BRDA:2,1314,0,0
BRDA:2,1314,1,0
BRDA:2,1314,2,0
BRDA:2,1315,0,0
BRDA:2,1315,1,0
BRDA:2,1316,0,0
BRDA:2,1316,1,0
BRDA:2,1317,0,0
BRDA:2,1317,1,0
BRDA:2,1318,0,0
BRDA:2,1318,1,0
BRDA:2,1319,0,0
BRDA:2,1319,1,0
BRDA:2,1320,0,0
BRDA:2,1320,1,0
BRDA:2,1321,0,0
BRDA:2,1321,1,0
BRDA:2,1322,0,0
BRDA:2,1322,1,0
BRDA:2,1323,0,0
BRDA:2,1323,1,0
BRDA:2,1323,2,0
BRDA:2,1324,0,0
BRDA:2,1324,1,0
BRDA:2,1325,0,0
BRDA:2,1325,1,0
BRDA:2,1326,0,0
BRDA:2,1326,1,0
BRDA:2,1327,0,0
BRDA:2,1327,1,0
BRDA:2,1328,0,0
BRDA:2,1328,1,0
BRDA:2,1329,0,0
BRDA:2,1329,1,0
BRDA:2,1330,0,0
BRDA:2,1330,1,0
BRDA:2,1331,0,0
BRDA:2,1331,1,0
BRDA:2,1332,0,0
BRDA:2,1332,1,0
BRDA:2,1333,0,0
BRDA:2,1333,1,0
BRDA:2,1334,0,0
BRDA:2,1334,1,0
BRDA:2,1335,0,0
BRDA:2,1335,1,0
BRDA:2,1336,0,0
BRDA:2,1336,1,0
BRDA:2,1337,0,0
BRDA:2,1337,1,0
BRDA:2,1338,0,0
BRDA:2,1338,1,0
BRDA:2,1339,0,0
BRDA:2,1339,1,0
BRDA:2,1340,0,0
BRDA:2,1340,1,0
BRDA:2,1341,0,0
BRDA:2,1341,1,0
BRDA:2,1341,2,0
BRDA:2,1342,0,0
BRDA:2,1342,1,0
BRDA:2,1343,0,0
BRDA:2,1343,1,0
BRDA:2,1344,0,0
BRDA:2,1344,1,0
BRDA:2,1344,2,0
BRDA:2,1345,0,0
BRDA:2,1345,1,0
BRDA:2,1346,0,0
BRDA:2,1346,1,0
BRDA:2,1346,2,0
BRDA:2,1347,0,0
BRDA:2,1347,1,0
BRDA:2,1347,2,0
BRDA:2,1348,0,0
BRDA:2,1348,1,0
BRDA:2,1349,0,0
BRDA:2,1349,1,0
BRDA:2,1350,0,0
BRDA:2,1350,1,0
BRDA:2,1351,0,0
BRDA:2,1351,1,0
BRDA:2,1352,0,0
BRDA:2,1352,1,0
BRDA:2,1353,0,0
BRDA:2,1353,1,0
BRDA:2,1354,0,0
BRDA:2,1354,1,0
BRDA:2,1355,0,0
BRDA:2,1355,1,0
BRDA:2,1356,0,0
BRDA:2,1356,1,0
BRDA:2,1357,0,0
BRDA:2,1357,1,0
BRDA:2,1358,0,0
BRDA:2,1358,1,0
BRDA:2,1359,0,0
BRDA:2,1359,1,0
BRDA:2,1359,2,0
BRDA:2,1360,0,0
BRDA:2,1360,1,0
BRDA:2,1361,0,0
BRDA:2,1361,1,0
BRDA:2,1362,0,0
BRDA:2,1362,1,0
BRDA:2,1363,0,0
BRDA:2,1363,1,0
BRDA:2,1364,0,0
BRDA:2,1364,1,0
BRDA:2,1365,0,0
BRDA:2,1365,1,0
BRDA:2,1366,0,0
BRDA:2,1366,1,0
BRDA:2,1367,0,0
BRDA:2,1367,1,0
BRDA:2,1368,0,0
BRDA:2,1368,1,0
BRDA:2,1369,0,0
BRDA:2,1369,1,0
BRDA:2,1370,0,0
BRDA:2,1370,1,0
BRDA:2,1371,0,0
BRDA:2,1371,1,0
BRDA:2,1372,0,0
BRDA:2,1372,1,0
BRDA:2,1372,2,0
BRDA:2,1372,3,0
BRDA:2,1373,0,0
BRDA:2,1373,1,0
BRDA:2,1374,0,0
BRDA:2,1374,1,0
BRDA:2,1375,0,0
BRDA:2,1375,1,0
BRDA:2,1376,0,0
BRDA:2,1376,1,0
BRDA:2,1377,0,0
BRDA:2,1377,1,0
BRDA:2,1378,0,0
BRDA:2,1378,1,0
BRDA:2,1379,0,0
BRDA:2,1379,1,0
BRDA:2,1380,0,0
BRDA:2,1380,1,0
BRDA:2,1381,0,0
BRDA:2,1381,1,0
BRDA:2,1382,0,0
BRDA:2,1382,1,0
BRDA:2,1383,0,0
BRDA:2,1383,1,0
BRDA:2,1383,2,0
BRDA:2,1384,0,0
BRDA:2,1384,1,0
BRDA:2,1385,0,0
BRDA:2,1385,1,0
BRDA:2,1386,0,0
BRDA:2,1386,1,0
BRDA:2,1387,0,0
BRDA:2,1387,1,0
BRDA:2,1388,0,0
BRDA:2,1388,1,0
BRDA:2,1389,0,0
BRDA:2,1389,1,0
BRDA:2,1390,0,0
BRDA:2,1390,1,0
BRDA:2,1390,2,0
BRDA:2,1391,0,0
BRDA:2,1391,1,0
BRDA:2,1392,0,0
BRDA:2,1392,1,0
BRDA:2,1393,0,0
BRDA:2,1393,1,0
BRDA:2,1393,2,0
BRDA:2,1394,0,0
BRDA:2,1394,1,0
BRDA:2,1395,0,0
BRDA:2,1395,1,0
BRDA:2,1396,0,0
BRDA:2,1396,1,0
BRDA:2,1397,0,0
BRDA:2,1397,1,0
BRDA:2,1398,0,0
BRDA:2,1398,1,0
BRDA:2,1399,0,0
BRDA:2,1399,1,0
BRDA:2,1400,0,0
BRDA:2,1400,1,0
BRDA:2,1401,0,0
BRDA:2,1401,1,0
BRDA:2,1401,2,0
BRDA:2,1402,0,0
BRDA:2,1402,1,0
BRDA:2,1403,0,0
BRDA:2,1403,1,0
BRDA:2,1404,0,0
BRDA:2,1404,1,0
BRDA:2,1405,0,0
BRDA:2,1405,1,0
BRDA:2,1406,0,0
BRDA:2,1406,1,0
BRDA:2,1407,0,0
BRDA:2,1407,1,0
BRDA:2,1408,0,0
BRDA:2,1408,1,0
BRDA:2,1409,0,0
BRDA:2,1409,1,0
BRDA:2,1410,0,0
BRDA:2,1410,1,0
BRDA:2,1411,0,0
BRDA:2,1411,1,0
BRDA:2,1412,0,0
BRDA:2,1412,1,0
BRDA:2,1413,0,0
BRDA:2,1413,1,0
BRDA:2,1414,0,0
BRDA:2,1414,1,0
BRDA:2,1415,0,0
BRDA:2,1415,1,0
BRDA:2,1415,2,0
BRDA:2,1415,3,0
BRDA:2,1416,0,0
BRDA:2,1416,1,0
BRDA:2,1416,2,0
BRDA:2,1416,3,0
BRDA:2,1417,0,0
BRDA:2,1417,1,0
BRDA:2,1418,0,0
BRDA:2,1418,1,0
BRDA:2,1419,0,0
BRDA:2,1419,1,0
BRDA:2,1420,0,0
BRDA:2,1420,1,0
BRDA:2,1421,0,0
BRDA:2,1421,1,0
BRDA:2,1422,0,0
BRDA:2,1422,1,0
BRDA:2,1423,0,0
BRDA:2,1423,1,0
BRDA:2,1424,0,0
BRDA:2,1424,1,0
BRDA:2,1425,0,0
BRDA:2,1425,1,0
BRDA:2,1426,0,0
BRDA:2,1426,1,0
BRDA:2,1427,0,0
BRDA:2,1427,1,0
BRDA:2,1428,0,0
BRDA:2,1428,1,0
BRDA:2,1428,2,0
BRDA:2,1429,0,0
BRDA:2,1429,1,0
BRDA:2,1430,0,0
BRDA:2,1430,1,0
BRDA:2,1431,0,0
BRDA:2,1431,1,0
BRDA:2,1432,0,0
BRDA:2,1432,1,0
BRDA:2,1433,0,0
BRDA:2,1433,1,0
BRDA:2,1434,0,0
BRDA:2,1434,1,0
BRDA:2,1435,0,0
BRDA:2,1435,1,0
BRDA:2,1436,0,0
BRDA:2,1436,1,0
BRDA:2,1437,0,0
BRDA:2,1437,1,0
BRDA:2,1438,0,0
BRDA:2,1438,1,0
BRDA:2,1439,0,0
BRDA:2,1439,1,0
BRDA:2,1440,0,0
BRDA:2,1440,1,0
BRDA:2,1441,0,0
BRDA:2,1441,1,0
BRDA:2,1442,0,0
BRDA:2,1442,1,0
BRDA:2,1443,0,0
BRDA:2,1443,1,0
BRDA:2,1444,0,0
BRDA:2,1444,1,0
BRDA:2,1445,0,0
BRDA:2,1445,1,0
BRDA:2,1446,0,0
BRDA:2,1446,1,0
BRDA:2,1446,2,0
BRDA:2,1447,0,0
BRDA:2,1447,1,0
BRDA:2,1447,2,0
BRDA:2,1448,0,0
BRDA:2,1448,1,0
BRDA:2,1449,0,0
BRDA:2,1449,1,0
BRDA:2,1449,2,0
BRDA:2,1450,0,0
BRDA:2,1450,1,0
BRF:3215
BRH:0
end_of_record
